\BOOKMARK [1][-]{section.1}{Traffic Jams on a Circular Road}{}% 1
\BOOKMARK [2][-]{subsection.1.1}{Building the Model}{section.1}% 2
\BOOKMARK [2][-]{subsection.1.2}{Running Simulations}{section.1}% 3
\BOOKMARK [1][-]{section.2}{Multi-lane Highways}{}% 4
\BOOKMARK [2][-]{subsection.2.1}{Building the Model}{section.2}% 5
\BOOKMARK [2][-]{subsection.2.2}{Running Simulations}{section.2}% 6
\BOOKMARK [2][-]{subsection.2.3}{How the Models Work}{section.2}% 7
\BOOKMARK [3][-]{subsubsection.2.3.1}{Single-lane Model}{subsection.2.3}% 8
\BOOKMARK [3][-]{subsubsection.2.3.2}{Two-lane Model}{subsection.2.3}% 9
\BOOKMARK [2][-]{subsection.2.4}{Summary of Key Results}{section.2}% 10
\BOOKMARK [3][-]{subsubsection.2.4.1}{Two-lane Model vs Single-lane Model}{subsection.2.4}% 11
\BOOKMARK [3][-]{subsubsection.2.4.2}{Prediction of Three-lane Model Performance}{subsection.2.4}% 12
\BOOKMARK [3][-]{subsubsection.2.4.3}{Applicability of Traffic Model to Buenos Aires}{subsection.2.4}% 13
\BOOKMARK [1][-]{section.3}{Extended Single-lane Model}{}% 14
\BOOKMARK [2][-]{subsection.3.1}{Building the Model}{section.3}% 15
\BOOKMARK [1][-]{section.4}{Extended Two-lane Model}{}% 16
\BOOKMARK [2][-]{subsection.4.1}{Building the Model}{section.4}% 17
\BOOKMARK [2][-]{subsection.4.2}{Running Simulations for Extended Models}{section.4}% 18
\BOOKMARK [2][-]{subsection.4.3}{How the Extended Models Work}{section.4}% 19
\BOOKMARK [3][-]{subsubsection.4.3.1}{Speed Limit Zones}{subsection.4.3}% 20
\BOOKMARK [3][-]{subsubsection.4.3.2}{Traffic Lights}{subsection.4.3}% 21
\BOOKMARK [3][-]{subsubsection.4.3.3}{Obstacles}{subsection.4.3}% 22
\BOOKMARK [3][-]{subsubsection.4.3.4}{Lane Merges}{subsection.4.3}% 23
\BOOKMARK [3][-]{subsubsection.4.3.5}{New Lane-Switch Procedure}{subsection.4.3}% 24
\BOOKMARK [2][-]{subsection.4.4}{Summary of Results for Extended Models}{section.4}% 25
\BOOKMARK [1][-]{section.5}{Future Work}{}% 26
