This is pdfTeX, Version 3.14159265-2.6-1.40.18 (TeX Live 2017) (preloaded format=pdflatex 2017.5.23)  28 MAR 2019 20:07
entering extended mode
 restricted \write18 enabled.
 file:line:error style messages enabled.
 %&-line parsing enabled.
**cs166-assignment-3-network-sim.tex
(./cs166-assignment-3-network-sim.tex
LaTeX2e <2017-04-15>
Babel <3.10> and hyphenation patterns for 84 language(s) loaded.
(/usr/local/texlive/2017/texmf-dist/tex/latex/base/article.cls
Document Class: article 2014/09/29 v1.4h Standard LaTeX document class
(/usr/local/texlive/2017/texmf-dist/tex/latex/base/size11.clo
File: size11.clo 2014/09/29 v1.4h Standard LaTeX file (size option)
)
\c@part=\count79
\c@section=\count80
\c@subsection=\count81
\c@subsubsection=\count82
\c@paragraph=\count83
\c@subparagraph=\count84
\c@figure=\count85
\c@table=\count86
\abovecaptionskip=\skip41
\belowcaptionskip=\skip42
\bibindent=\dimen102
)
(/usr/local/texlive/2017/texmf-dist/tex/latex/base/fontenc.sty
Package: fontenc 2017/04/05 v2.0i Standard LaTeX package

(/usr/local/texlive/2017/texmf-dist/tex/latex/base/t1enc.def
File: t1enc.def 2017/04/05 v2.0i Standard LaTeX file
LaTeX Font Info:    Redeclaring font encoding T1 on input line 48.
))
(/usr/local/texlive/2017/texmf-dist/tex/latex/psnfss/mathpazo.sty
Package: mathpazo 2005/04/12 PSNFSS-v9.2a Palatino w/ Pazo Math (D.Puga, WaS) 
\symupright=\mathgroup4
)
(/usr/local/texlive/2017/texmf-dist/tex/latex/graphics/graphicx.sty
Package: graphicx 2014/10/28 v1.0g Enhanced LaTeX Graphics (DPC,SPQR)

(/usr/local/texlive/2017/texmf-dist/tex/latex/graphics/keyval.sty
Package: keyval 2014/10/28 v1.15 key=value parser (DPC)
\KV@toks@=\toks14
)
(/usr/local/texlive/2017/texmf-dist/tex/latex/graphics/graphics.sty
Package: graphics 2017/04/14 v1.1b Standard LaTeX Graphics (DPC,SPQR)

(/usr/local/texlive/2017/texmf-dist/tex/latex/graphics/trig.sty
Package: trig 2016/01/03 v1.10 sin cos tan (DPC)
)
(/usr/local/texlive/2017/texmf-dist/tex/latex/graphics-cfg/graphics.cfg
File: graphics.cfg 2016/06/04 v1.11 sample graphics configuration
)
Package graphics Info: Driver file: pdftex.def on input line 99.

(/usr/local/texlive/2017/texmf-dist/tex/latex/graphics-def/pdftex.def
File: pdftex.def 2017/01/12 v0.06k Graphics/color for pdfTeX

(/usr/local/texlive/2017/texmf-dist/tex/generic/oberdiek/infwarerr.sty
Package: infwarerr 2016/05/16 v1.4 Providing info/warning/error messages (HO)
)
(/usr/local/texlive/2017/texmf-dist/tex/generic/oberdiek/ltxcmds.sty
Package: ltxcmds 2016/05/16 v1.23 LaTeX kernel commands for general use (HO)
)
\Gread@gobject=\count87
))
\Gin@req@height=\dimen103
\Gin@req@width=\dimen104
)
(/usr/local/texlive/2017/texmf-dist/tex/latex/subfig/subfig.sty
Package: subfig 2005/06/28 ver: 1.3 subfig package

(/usr/local/texlive/2017/texmf-dist/tex/latex/caption/caption.sty
Package: caption 2016/02/21 v3.3-144 Customizing captions (AR)

(/usr/local/texlive/2017/texmf-dist/tex/latex/caption/caption3.sty
Package: caption3 2016/05/22 v1.7-166 caption3 kernel (AR)
Package caption3 Info: TeX engine: e-TeX on input line 67.
\captionmargin=\dimen105
\captionmargin@=\dimen106
\captionwidth=\dimen107
\caption@tempdima=\dimen108
\caption@indent=\dimen109
\caption@parindent=\dimen110
\caption@hangindent=\dimen111
)
\c@ContinuedFloat=\count88
)
\c@KVtest=\count89
\sf@farskip=\skip43
\sf@captopadj=\dimen112
\sf@capskip=\skip44
\sf@nearskip=\skip45
\c@subfigure=\count90
\c@subfigure@save=\count91
\c@lofdepth=\count92
\c@subtable=\count93
\c@subtable@save=\count94
\c@lotdepth=\count95
\sf@top=\skip46
\sf@bottom=\skip47
)
(/usr/local/texlive/2017/texmf-dist/tex/latex/adjustbox/adjustbox.sty
Package: adjustbox 2012/05/21 v1.0 Adjusting TeX boxes (trim, clip, ...)

(/usr/local/texlive/2017/texmf-dist/tex/latex/xkeyval/xkeyval.sty
Package: xkeyval 2014/12/03 v2.7a package option processing (HA)

(/usr/local/texlive/2017/texmf-dist/tex/generic/xkeyval/xkeyval.tex
(/usr/local/texlive/2017/texmf-dist/tex/generic/xkeyval/xkvutils.tex
\XKV@toks=\toks15
\XKV@tempa@toks=\toks16
)
\XKV@depth=\count96
File: xkeyval.tex 2014/12/03 v2.7a key=value parser (HA)
))
(/usr/local/texlive/2017/texmf-dist/tex/latex/adjustbox/adjcalc.sty
Package: adjcalc 2012/05/16 v1.1 Provides advanced setlength with multiple back
-ends (calc, etex, pgfmath)
)
(/usr/local/texlive/2017/texmf-dist/tex/latex/adjustbox/trimclip.sty
Package: trimclip 2012/05/16 v1.0 Trim and clip general TeX material

(/usr/local/texlive/2017/texmf-dist/tex/latex/collectbox/collectbox.sty
Package: collectbox 2012/05/17 v0.4b Collect macro arguments as boxes
\collectedbox=\box26
)
\tc@llx=\dimen113
\tc@lly=\dimen114
\tc@urx=\dimen115
\tc@ury=\dimen116
Package trimclip Info: Using driver 'tc-pdftex.def'.

(/usr/local/texlive/2017/texmf-dist/tex/latex/adjustbox/tc-pdftex.def
File: tc-pdftex.def 2012/05/13 v1.0 Clipping driver for pdftex
))
\adjbox@Width=\dimen117
\adjbox@Height=\dimen118
\adjbox@Depth=\dimen119
\adjbox@Totalheight=\dimen120

(/usr/local/texlive/2017/texmf-dist/tex/latex/ifoddpage/ifoddpage.sty
Package: ifoddpage 2016/04/23 v1.1 Conditionals for odd/even page detection
\c@checkoddpage=\count97
)
(/usr/local/texlive/2017/texmf-dist/tex/latex/varwidth/varwidth.sty
Package: varwidth 2009/03/30 ver 0.92;  Variable-width minipages
\@vwid@box=\box27
\sift@deathcycles=\count98
\@vwid@loff=\dimen121
\@vwid@roff=\dimen122
))
(/usr/local/texlive/2017/texmf-dist/tex/latex/xcolor/xcolor.sty
Package: xcolor 2016/05/11 v2.12 LaTeX color extensions (UK)

(/usr/local/texlive/2017/texmf-dist/tex/latex/graphics-cfg/color.cfg
File: color.cfg 2016/01/02 v1.6 sample color configuration
)
Package xcolor Info: Driver file: pdftex.def on input line 225.
Package xcolor Info: Model `cmy' substituted by `cmy0' on input line 1348.
Package xcolor Info: Model `hsb' substituted by `rgb' on input line 1352.
Package xcolor Info: Model `RGB' extended on input line 1364.
Package xcolor Info: Model `HTML' substituted by `rgb' on input line 1366.
Package xcolor Info: Model `Hsb' substituted by `hsb' on input line 1367.
Package xcolor Info: Model `tHsb' substituted by `hsb' on input line 1368.
Package xcolor Info: Model `HSB' substituted by `hsb' on input line 1369.
Package xcolor Info: Model `Gray' substituted by `gray' on input line 1370.
Package xcolor Info: Model `wave' substituted by `hsb' on input line 1371.
)
(/usr/local/texlive/2017/texmf-dist/tex/latex/tools/enumerate.sty
Package: enumerate 2015/07/23 v3.00 enumerate extensions (DPC)
\@enLab=\toks17
)
(/usr/local/texlive/2017/texmf-dist/tex/latex/geometry/geometry.sty
Package: geometry 2010/09/12 v5.6 Page Geometry

(/usr/local/texlive/2017/texmf-dist/tex/generic/oberdiek/ifpdf.sty
Package: ifpdf 2017/03/15 v3.2 Provides the ifpdf switch
)
(/usr/local/texlive/2017/texmf-dist/tex/generic/oberdiek/ifvtex.sty
Package: ifvtex 2016/05/16 v1.6 Detect VTeX and its facilities (HO)
Package ifvtex Info: VTeX not detected.
)
(/usr/local/texlive/2017/texmf-dist/tex/generic/ifxetex/ifxetex.sty
Package: ifxetex 2010/09/12 v0.6 Provides ifxetex conditional
)
\Gm@cnth=\count99
\Gm@cntv=\count100
\c@Gm@tempcnt=\count101
\Gm@bindingoffset=\dimen123
\Gm@wd@mp=\dimen124
\Gm@odd@mp=\dimen125
\Gm@even@mp=\dimen126
\Gm@layoutwidth=\dimen127
\Gm@layoutheight=\dimen128
\Gm@layouthoffset=\dimen129
\Gm@layoutvoffset=\dimen130
\Gm@dimlist=\toks18
)
(/usr/local/texlive/2017/texmf-dist/tex/latex/amsmath/amsmath.sty
Package: amsmath 2016/11/05 v2.16a AMS math features
\@mathmargin=\skip48

For additional information on amsmath, use the `?' option.
(/usr/local/texlive/2017/texmf-dist/tex/latex/amsmath/amstext.sty
Package: amstext 2000/06/29 v2.01 AMS text

(/usr/local/texlive/2017/texmf-dist/tex/latex/amsmath/amsgen.sty
File: amsgen.sty 1999/11/30 v2.0 generic functions
\@emptytoks=\toks19
\ex@=\dimen131
))
(/usr/local/texlive/2017/texmf-dist/tex/latex/amsmath/amsbsy.sty
Package: amsbsy 1999/11/29 v1.2d Bold Symbols
\pmbraise@=\dimen132
)
(/usr/local/texlive/2017/texmf-dist/tex/latex/amsmath/amsopn.sty
Package: amsopn 2016/03/08 v2.02 operator names
)
\inf@bad=\count102
LaTeX Info: Redefining \frac on input line 213.
\uproot@=\count103
\leftroot@=\count104
LaTeX Info: Redefining \overline on input line 375.
\classnum@=\count105
\DOTSCASE@=\count106
LaTeX Info: Redefining \ldots on input line 472.
LaTeX Info: Redefining \dots on input line 475.
LaTeX Info: Redefining \cdots on input line 596.
\Mathstrutbox@=\box28
\strutbox@=\box29
\big@size=\dimen133
LaTeX Font Info:    Redeclaring font encoding OML on input line 712.
LaTeX Font Info:    Redeclaring font encoding OMS on input line 713.
\macc@depth=\count107
\c@MaxMatrixCols=\count108
\dotsspace@=\muskip10
\c@parentequation=\count109
\dspbrk@lvl=\count110
\tag@help=\toks20
\row@=\count111
\column@=\count112
\maxfields@=\count113
\andhelp@=\toks21
\eqnshift@=\dimen134
\alignsep@=\dimen135
\tagshift@=\dimen136
\tagwidth@=\dimen137
\totwidth@=\dimen138
\lineht@=\dimen139
\@envbody=\toks22
\multlinegap=\skip49
\multlinetaggap=\skip50
\mathdisplay@stack=\toks23
LaTeX Info: Redefining \[ on input line 2817.
LaTeX Info: Redefining \] on input line 2818.
)
(/usr/local/texlive/2017/texmf-dist/tex/latex/amsfonts/amssymb.sty
Package: amssymb 2013/01/14 v3.01 AMS font symbols

(/usr/local/texlive/2017/texmf-dist/tex/latex/amsfonts/amsfonts.sty
Package: amsfonts 2013/01/14 v3.01 Basic AMSFonts support
\symAMSa=\mathgroup5
\symAMSb=\mathgroup6
LaTeX Font Info:    Overwriting math alphabet `\mathfrak' in version `bold'
(Font)                  U/euf/m/n --> U/euf/b/n on input line 106.
))
(/usr/local/texlive/2017/texmf-dist/tex/latex/base/textcomp.sty
Package: textcomp 2017/04/05 v2.0i Standard LaTeX package
Package textcomp Info: Sub-encoding information:
(textcomp)               5 = only ISO-Adobe without \textcurrency
(textcomp)               4 = 5 + \texteuro
(textcomp)               3 = 4 + \textohm
(textcomp)               2 = 3 + \textestimated + \textcurrency
(textcomp)               1 = TS1 - \textcircled - \t
(textcomp)               0 = TS1 (full)
(textcomp)             Font families with sub-encoding setting implement
(textcomp)             only a restricted character set as indicated.
(textcomp)             Family '?' is the default used for unknown fonts.
(textcomp)             See the documentation for details.
Package textcomp Info: Setting ? sub-encoding to TS1/1 on input line 79.

(/usr/local/texlive/2017/texmf-dist/tex/latex/base/ts1enc.def
File: ts1enc.def 2001/06/05 v3.0e (jk/car/fm) Standard LaTeX file
)
LaTeX Info: Redefining \oldstylenums on input line 334.
Package textcomp Info: Setting cmr sub-encoding to TS1/0 on input line 349.
Package textcomp Info: Setting cmss sub-encoding to TS1/0 on input line 350.
Package textcomp Info: Setting cmtt sub-encoding to TS1/0 on input line 351.
Package textcomp Info: Setting cmvtt sub-encoding to TS1/0 on input line 352.
Package textcomp Info: Setting cmbr sub-encoding to TS1/0 on input line 353.
Package textcomp Info: Setting cmtl sub-encoding to TS1/0 on input line 354.
Package textcomp Info: Setting ccr sub-encoding to TS1/0 on input line 355.
Package textcomp Info: Setting ptm sub-encoding to TS1/4 on input line 356.
Package textcomp Info: Setting pcr sub-encoding to TS1/4 on input line 357.
Package textcomp Info: Setting phv sub-encoding to TS1/4 on input line 358.
Package textcomp Info: Setting ppl sub-encoding to TS1/3 on input line 359.
Package textcomp Info: Setting pag sub-encoding to TS1/4 on input line 360.
Package textcomp Info: Setting pbk sub-encoding to TS1/4 on input line 361.
Package textcomp Info: Setting pnc sub-encoding to TS1/4 on input line 362.
Package textcomp Info: Setting pzc sub-encoding to TS1/4 on input line 363.
Package textcomp Info: Setting bch sub-encoding to TS1/4 on input line 364.
Package textcomp Info: Setting put sub-encoding to TS1/5 on input line 365.
Package textcomp Info: Setting uag sub-encoding to TS1/5 on input line 366.
Package textcomp Info: Setting ugq sub-encoding to TS1/5 on input line 367.
Package textcomp Info: Setting ul8 sub-encoding to TS1/4 on input line 368.
Package textcomp Info: Setting ul9 sub-encoding to TS1/4 on input line 369.
Package textcomp Info: Setting augie sub-encoding to TS1/5 on input line 370.
Package textcomp Info: Setting dayrom sub-encoding to TS1/3 on input line 371.
Package textcomp Info: Setting dayroms sub-encoding to TS1/3 on input line 372.

Package textcomp Info: Setting pxr sub-encoding to TS1/0 on input line 373.
Package textcomp Info: Setting pxss sub-encoding to TS1/0 on input line 374.
Package textcomp Info: Setting pxtt sub-encoding to TS1/0 on input line 375.
Package textcomp Info: Setting txr sub-encoding to TS1/0 on input line 376.
Package textcomp Info: Setting txss sub-encoding to TS1/0 on input line 377.
Package textcomp Info: Setting txtt sub-encoding to TS1/0 on input line 378.
Package textcomp Info: Setting lmr sub-encoding to TS1/0 on input line 379.
Package textcomp Info: Setting lmdh sub-encoding to TS1/0 on input line 380.
Package textcomp Info: Setting lmss sub-encoding to TS1/0 on input line 381.
Package textcomp Info: Setting lmssq sub-encoding to TS1/0 on input line 382.
Package textcomp Info: Setting lmvtt sub-encoding to TS1/0 on input line 383.
Package textcomp Info: Setting lmtt sub-encoding to TS1/0 on input line 384.
Package textcomp Info: Setting qhv sub-encoding to TS1/0 on input line 385.
Package textcomp Info: Setting qag sub-encoding to TS1/0 on input line 386.
Package textcomp Info: Setting qbk sub-encoding to TS1/0 on input line 387.
Package textcomp Info: Setting qcr sub-encoding to TS1/0 on input line 388.
Package textcomp Info: Setting qcs sub-encoding to TS1/0 on input line 389.
Package textcomp Info: Setting qpl sub-encoding to TS1/0 on input line 390.
Package textcomp Info: Setting qtm sub-encoding to TS1/0 on input line 391.
Package textcomp Info: Setting qzc sub-encoding to TS1/0 on input line 392.
Package textcomp Info: Setting qhvc sub-encoding to TS1/0 on input line 393.
Package textcomp Info: Setting futs sub-encoding to TS1/4 on input line 394.
Package textcomp Info: Setting futx sub-encoding to TS1/4 on input line 395.
Package textcomp Info: Setting futj sub-encoding to TS1/4 on input line 396.
Package textcomp Info: Setting hlh sub-encoding to TS1/3 on input line 397.
Package textcomp Info: Setting hls sub-encoding to TS1/3 on input line 398.
Package textcomp Info: Setting hlst sub-encoding to TS1/3 on input line 399.
Package textcomp Info: Setting hlct sub-encoding to TS1/5 on input line 400.
Package textcomp Info: Setting hlx sub-encoding to TS1/5 on input line 401.
Package textcomp Info: Setting hlce sub-encoding to TS1/5 on input line 402.
Package textcomp Info: Setting hlcn sub-encoding to TS1/5 on input line 403.
Package textcomp Info: Setting hlcw sub-encoding to TS1/5 on input line 404.
Package textcomp Info: Setting hlcf sub-encoding to TS1/5 on input line 405.
Package textcomp Info: Setting pplx sub-encoding to TS1/3 on input line 406.
Package textcomp Info: Setting pplj sub-encoding to TS1/3 on input line 407.
Package textcomp Info: Setting ptmx sub-encoding to TS1/4 on input line 408.
Package textcomp Info: Setting ptmj sub-encoding to TS1/4 on input line 409.
)
(/usr/local/texlive/2017/texmf-dist/tex/latex/upquote/upquote.sty
Package: upquote 2012/04/19 v1.3 upright-quote and grave-accent glyphs in verba
tim
)
(/usr/local/texlive/2017/texmf-dist/tex/latex/eurosym/eurosym.sty
Package: eurosym 1998/08/06 v1.1 European currency symbol ``Euro''
\@eurobox=\box30
)
(/usr/local/texlive/2017/texmf-dist/tex/latex/ucs/ucs.sty
Package: ucs 2013/05/11 v2.2 UCS: Unicode input support

(/usr/local/texlive/2017/texmf-dist/tex/latex/ucs/data/uni-global.def
File: uni-global.def 2013/05/13 UCS: Unicode global data
)
\uc@secondtry=\count114
\uc@combtoks=\toks24
\uc@combtoksb=\toks25
\uc@temptokena=\toks26
)
(/usr/local/texlive/2017/texmf-dist/tex/latex/base/inputenc.sty
Package: inputenc 2015/03/17 v1.2c Input encoding file
\inpenc@prehook=\toks27
\inpenc@posthook=\toks28

(/usr/local/texlive/2017/texmf-dist/tex/latex/ucs/utf8x.def
File: utf8x.def 2004/10/17 UCS: Input encoding UTF-8
))
(/usr/local/texlive/2017/texmf-dist/tex/latex/fancyvrb/fancyvrb.sty
Package: fancyvrb 2008/02/07

Style option: `fancyvrb' v2.7a, with DG/SPQR fixes, and firstline=lastline fix 
<2008/02/07> (tvz)
\FV@CodeLineNo=\count115
\FV@InFile=\read1
\FV@TabBox=\box31
\c@FancyVerbLine=\count116
\FV@StepNumber=\count117
\FV@OutFile=\write3
)
(/usr/local/texlive/2017/texmf-dist/tex/latex/oberdiek/grffile.sty
Package: grffile 2016/05/16 v1.17 Extended file name support for graphics (HO)

(/usr/local/texlive/2017/texmf-dist/tex/latex/oberdiek/kvoptions.sty
Package: kvoptions 2016/05/16 v3.12 Key value format for package options (HO)

(/usr/local/texlive/2017/texmf-dist/tex/generic/oberdiek/kvsetkeys.sty
Package: kvsetkeys 2016/05/16 v1.17 Key value parser (HO)

(/usr/local/texlive/2017/texmf-dist/tex/generic/oberdiek/etexcmds.sty
Package: etexcmds 2016/05/16 v1.6 Avoid name clashes with e-TeX commands (HO)

(/usr/local/texlive/2017/texmf-dist/tex/generic/oberdiek/ifluatex.sty
Package: ifluatex 2016/05/16 v1.4 Provides the ifluatex switch (HO)
Package ifluatex Info: LuaTeX not detected.
)
Package etexcmds Info: Could not find \expanded.
(etexcmds)             That can mean that you are not using pdfTeX 1.50 or
(etexcmds)             that some package has redefined \expanded.
(etexcmds)             In the latter case, load this package earlier.
)))
(/usr/local/texlive/2017/texmf-dist/tex/generic/oberdiek/pdftexcmds.sty
Package: pdftexcmds 2017/03/19 v0.25 Utility functions of pdfTeX for LuaTeX (HO
)
Package pdftexcmds Info: LuaTeX not detected.
Package pdftexcmds Info: \pdf@primitive is available.
Package pdftexcmds Info: \pdf@ifprimitive is available.
Package pdftexcmds Info: \pdfdraftmode found.
)
Package grffile Info: Option `multidot' is set to `true'.
Package grffile Info: Option `extendedchars' is set to `false'.
Package grffile Info: Option `space' is set to `true'.
Package grffile Info: \Gin@ii of package `graphicx' fixed on input line 486.
)
(/usr/local/texlive/2017/texmf-dist/tex/latex/hyperref/hyperref.sty
Package: hyperref 2017/03/14 v6.85a Hypertext links for LaTeX

(/usr/local/texlive/2017/texmf-dist/tex/generic/oberdiek/hobsub-hyperref.sty
Package: hobsub-hyperref 2016/05/16 v1.14 Bundle oberdiek, subset hyperref (HO)


(/usr/local/texlive/2017/texmf-dist/tex/generic/oberdiek/hobsub-generic.sty
Package: hobsub-generic 2016/05/16 v1.14 Bundle oberdiek, subset generic (HO)
Package: hobsub 2016/05/16 v1.14 Construct package bundles (HO)
Package hobsub Info: Skipping package `infwarerr' (already loaded).
Package hobsub Info: Skipping package `ltxcmds' (already loaded).
Package hobsub Info: Skipping package `ifluatex' (already loaded).
Package hobsub Info: Skipping package `ifvtex' (already loaded).
Package: intcalc 2016/05/16 v1.2 Expandable calculations with integers (HO)
Package hobsub Info: Skipping package `ifpdf' (already loaded).
Package hobsub Info: Skipping package `etexcmds' (already loaded).
Package hobsub Info: Skipping package `kvsetkeys' (already loaded).
Package: kvdefinekeys 2016/05/16 v1.4 Define keys (HO)
Package hobsub Info: Skipping package `pdftexcmds' (already loaded).
Package: pdfescape 2016/05/16 v1.14 Implements pdfTeX's escape features (HO)
Package: bigintcalc 2016/05/16 v1.4 Expandable calculations on big integers (HO
)
Package: bitset 2016/05/16 v1.2 Handle bit-vector datatype (HO)
Package: uniquecounter 2016/05/16 v1.3 Provide unlimited unique counter (HO)
)
Package hobsub Info: Skipping package `hobsub' (already loaded).
Package: letltxmacro 2016/05/16 v1.5 Let assignment for LaTeX macros (HO)
Package: hopatch 2016/05/16 v1.3 Wrapper for package hooks (HO)
Package: xcolor-patch 2016/05/16 xcolor patch
Package: atveryend 2016/05/16 v1.9 Hooks at the very end of document (HO)
Package atveryend Info: \enddocument detected (standard20110627).
Package: atbegshi 2016/06/09 v1.18 At begin shipout hook (HO)
Package: refcount 2016/05/16 v3.5 Data extraction from label references (HO)
Package: hycolor 2016/05/16 v1.8 Color options for hyperref/bookmark (HO)
)
(/usr/local/texlive/2017/texmf-dist/tex/latex/oberdiek/auxhook.sty
Package: auxhook 2016/05/16 v1.4 Hooks for auxiliary files (HO)
)
\@linkdim=\dimen140
\Hy@linkcounter=\count118
\Hy@pagecounter=\count119

(/usr/local/texlive/2017/texmf-dist/tex/latex/hyperref/pd1enc.def
File: pd1enc.def 2017/03/14 v6.85a Hyperref: PDFDocEncoding definition (HO)
)
\Hy@SavedSpaceFactor=\count120

(/usr/local/texlive/2017/texmf-dist/tex/latex/latexconfig/hyperref.cfg
File: hyperref.cfg 2002/06/06 v1.2 hyperref configuration of TeXLive
)
Package hyperref Info: Hyper figures OFF on input line 4498.
Package hyperref Info: Link nesting OFF on input line 4503.
Package hyperref Info: Hyper index ON on input line 4506.
Package hyperref Info: Plain pages OFF on input line 4513.
Package hyperref Info: Backreferencing OFF on input line 4518.
Package hyperref Info: Implicit mode ON; LaTeX internals redefined.
Package hyperref Info: Bookmarks ON on input line 4751.
\c@Hy@tempcnt=\count121

(/usr/local/texlive/2017/texmf-dist/tex/latex/url/url.sty
\Urlmuskip=\muskip11
Package: url 2013/09/16  ver 3.4  Verb mode for urls, etc.
)
LaTeX Info: Redefining \url on input line 5104.
\XeTeXLinkMargin=\dimen141
\Fld@menulength=\count122
\Field@Width=\dimen142
\Fld@charsize=\dimen143
Package hyperref Info: Hyper figures OFF on input line 6358.
Package hyperref Info: Link nesting OFF on input line 6363.
Package hyperref Info: Hyper index ON on input line 6366.
Package hyperref Info: backreferencing OFF on input line 6373.
Package hyperref Info: Link coloring OFF on input line 6378.
Package hyperref Info: Link coloring with OCG OFF on input line 6383.
Package hyperref Info: PDF/A mode OFF on input line 6388.
LaTeX Info: Redefining \ref on input line 6428.
LaTeX Info: Redefining \pageref on input line 6432.
\Hy@abspage=\count123
\c@Item=\count124
\c@Hfootnote=\count125
)

Package hyperref Message: Driver (autodetected): hpdftex.

(/usr/local/texlive/2017/texmf-dist/tex/latex/hyperref/hpdftex.def
File: hpdftex.def 2017/03/14 v6.85a Hyperref driver for pdfTeX
\Fld@listcount=\count126
\c@bookmark@seq@number=\count127

(/usr/local/texlive/2017/texmf-dist/tex/latex/oberdiek/rerunfilecheck.sty
Package: rerunfilecheck 2016/05/16 v1.8 Rerun checks for auxiliary files (HO)
Package uniquecounter Info: New unique counter `rerunfilecheck' on input line 2
82.
)
\Hy@SectionHShift=\skip51
)
(/usr/local/texlive/2017/texmf-dist/tex/latex/tools/longtable.sty
Package: longtable 2014/10/28 v4.11 Multi-page Table package (DPC)
\LTleft=\skip52
\LTright=\skip53
\LTpre=\skip54
\LTpost=\skip55
\LTchunksize=\count128
\LTcapwidth=\dimen144
\LT@head=\box32
\LT@firsthead=\box33
\LT@foot=\box34
\LT@lastfoot=\box35
\LT@cols=\count129
\LT@rows=\count130
\c@LT@tables=\count131
\c@LT@chunks=\count132
\LT@p@ftn=\toks29
)
(/usr/local/texlive/2017/texmf-dist/tex/latex/booktabs/booktabs.sty
Package: booktabs 2016/04/27 v1.618033 publication quality tables
\heavyrulewidth=\dimen145
\lightrulewidth=\dimen146
\cmidrulewidth=\dimen147
\belowrulesep=\dimen148
\belowbottomsep=\dimen149
\aboverulesep=\dimen150
\abovetopsep=\dimen151
\cmidrulesep=\dimen152
\cmidrulekern=\dimen153
\defaultaddspace=\dimen154
\@cmidla=\count133
\@cmidlb=\count134
\@aboverulesep=\dimen155
\@belowrulesep=\dimen156
\@thisruleclass=\count135
\@lastruleclass=\count136
\@thisrulewidth=\dimen157
)
(/usr/local/texlive/2017/texmf-dist/tex/latex/enumitem/enumitem.sty
Package: enumitem 2011/09/28 v3.5.2 Customized lists
\labelindent=\skip56
\enit@outerparindent=\dimen158
\enit@toks=\toks30
\enit@inbox=\box36
\enitdp@description=\count137
)
(/usr/local/texlive/2017/texmf-dist/tex/generic/ulem/ulem.sty
\UL@box=\box37
\UL@hyphenbox=\box38
\UL@skip=\skip57
\UL@hook=\toks31
\UL@height=\dimen159
\UL@pe=\count138
\UL@pixel=\dimen160
\ULC@box=\box39
Package: ulem 2012/05/18
\ULdepth=\dimen161
)
Package hyperref Info: Option `breaklinks' set `true' on input line 270.
Package hyperref Info: Option `colorlinks' set `true' on input line 270.

(./cs166-assignment-3-network-sim.aux)
\openout1 = `cs166-assignment-3-network-sim.aux'.

LaTeX Font Info:    Checking defaults for OML/cmm/m/it on input line 277.
LaTeX Font Info:    ... okay on input line 277.
LaTeX Font Info:    Checking defaults for T1/cmr/m/n on input line 277.
LaTeX Font Info:    ... okay on input line 277.
LaTeX Font Info:    Checking defaults for OT1/cmr/m/n on input line 277.
LaTeX Font Info:    ... okay on input line 277.
LaTeX Font Info:    Checking defaults for OMS/cmsy/m/n on input line 277.
LaTeX Font Info:    ... okay on input line 277.
LaTeX Font Info:    Checking defaults for OMX/cmex/m/n on input line 277.
LaTeX Font Info:    ... okay on input line 277.
LaTeX Font Info:    Checking defaults for U/cmr/m/n on input line 277.
LaTeX Font Info:    ... okay on input line 277.
LaTeX Font Info:    Checking defaults for TS1/cmr/m/n on input line 277.
LaTeX Font Info:    Try loading font information for TS1+cmr on input line 277.


(/usr/local/texlive/2017/texmf-dist/tex/latex/base/ts1cmr.fd
File: ts1cmr.fd 2014/09/29 v2.5h Standard LaTeX font definitions
)
LaTeX Font Info:    ... okay on input line 277.
LaTeX Font Info:    Checking defaults for PD1/pdf/m/n on input line 277.
LaTeX Font Info:    ... okay on input line 277.
LaTeX Font Info:    Try loading font information for T1+ppl on input line 277.

(/usr/local/texlive/2017/texmf-dist/tex/latex/psnfss/t1ppl.fd
File: t1ppl.fd 2001/06/04 font definitions for T1/ppl.
)
(/usr/local/texlive/2017/texmf-dist/tex/context/base/mkii/supp-pdf.mkii
[Loading MPS to PDF converter (version 2006.09.02).]
\scratchcounter=\count139
\scratchdimen=\dimen162
\scratchbox=\box40
\nofMPsegments=\count140
\nofMParguments=\count141
\everyMPshowfont=\toks32
\MPscratchCnt=\count142
\MPscratchDim=\dimen163
\MPnumerator=\count143
\makeMPintoPDFobject=\count144
\everyMPtoPDFconversion=\toks33
) (/usr/local/texlive/2017/texmf-dist/tex/latex/oberdiek/epstopdf-base.sty
Package: epstopdf-base 2016/05/15 v2.6 Base part for package epstopdf

(/usr/local/texlive/2017/texmf-dist/tex/latex/oberdiek/grfext.sty
Package: grfext 2016/05/16 v1.2 Manage graphics extensions (HO)
)
Package epstopdf-base Info: Redefining graphics rule for `.eps' on input line 4
38.
Package grfext Info: Graphics extension search list:
(grfext)             [.png,.pdf,.jpg,.mps,.jpeg,.jbig2,.jb2,.PNG,.PDF,.JPG,.JPE
G,.JBIG2,.JB2,.eps]
(grfext)             \AppendGraphicsExtensions on input line 456.

(/usr/local/texlive/2017/texmf-dist/tex/latex/latexconfig/epstopdf-sys.cfg
File: epstopdf-sys.cfg 2010/07/13 v1.3 Configuration of (r)epstopdf for TeX Liv
e
))
Package caption Info: Begin \AtBeginDocument code.
Package caption Info: subfig package v1.3 is loaded.
Package caption Info: hyperref package is loaded.
Package caption Info: longtable package is loaded.

(/usr/local/texlive/2017/texmf-dist/tex/latex/caption/ltcaption.sty
Package: ltcaption 2013/06/09 v1.4-94 longtable captions (AR)
)
Package caption Info: End \AtBeginDocument code.

*geometry* driver: auto-detecting
*geometry* detected driver: pdftex
*geometry* verbose mode - [ preamble ] result:
* driver: pdftex
* paper: <default>
* layout: <same size as paper>
* layoutoffset:(h,v)=(0.0pt,0.0pt)
* modes: 
* h-part:(L,W,R)=(72.26999pt, 469.75502pt, 72.26999pt)
* v-part:(T,H,B)=(72.26999pt, 650.43001pt, 72.26999pt)
* \paperwidth=614.295pt
* \paperheight=794.96999pt
* \textwidth=469.75502pt
* \textheight=650.43001pt
* \oddsidemargin=0.0pt
* \evensidemargin=0.0pt
* \topmargin=-37.0pt
* \headheight=12.0pt
* \headsep=25.0pt
* \topskip=11.0pt
* \footskip=30.0pt
* \marginparwidth=59.0pt
* \marginparsep=10.0pt
* \columnsep=10.0pt
* \skip\footins=10.0pt plus 4.0pt minus 2.0pt
* \hoffset=0.0pt
* \voffset=0.0pt
* \mag=1000
* \@twocolumnfalse
* \@twosidefalse
* \@mparswitchfalse
* \@reversemarginfalse
* (1in=72.27pt=25.4mm, 1cm=28.453pt)

(/usr/local/texlive/2017/texmf-dist/tex/latex/ucs/ucsencs.def
File: ucsencs.def 2011/01/21 Fixes to fontencodings LGR, T3
)
\AtBeginShipoutBox=\box41
Package hyperref Info: Link coloring ON on input line 277.

(/usr/local/texlive/2017/texmf-dist/tex/latex/hyperref/nameref.sty
Package: nameref 2016/05/21 v2.44 Cross-referencing by name of section

(/usr/local/texlive/2017/texmf-dist/tex/generic/oberdiek/gettitlestring.sty
Package: gettitlestring 2016/05/16 v1.5 Cleanup title references (HO)
)
\c@section@level=\count145
)
LaTeX Info: Redefining \ref on input line 277.
LaTeX Info: Redefining \pageref on input line 277.
LaTeX Info: Redefining \nameref on input line 277.

(./cs166-assignment-3-network-sim.out) (./cs166-assignment-3-network-sim.out)
\@outlinefile=\write4
\openout4 = `cs166-assignment-3-network-sim.out'.

LaTeX Font Info:    Try loading font information for OT1+ppl on input line 281.


(/usr/local/texlive/2017/texmf-dist/tex/latex/psnfss/ot1ppl.fd
File: ot1ppl.fd 2001/06/04 font definitions for OT1/ppl.
)
LaTeX Font Info:    Try loading font information for OML+zplm on input line 281
.

(/usr/local/texlive/2017/texmf-dist/tex/latex/psnfss/omlzplm.fd
File: omlzplm.fd 2002/09/08 Fontinst v1.914 font definitions for OML/zplm.
)
LaTeX Font Info:    Try loading font information for OMS+zplm on input line 281
.

(/usr/local/texlive/2017/texmf-dist/tex/latex/psnfss/omszplm.fd
File: omszplm.fd 2002/09/08 Fontinst v1.914 font definitions for OMS/zplm.
)
LaTeX Font Info:    Try loading font information for OMX+zplm on input line 281
.

(/usr/local/texlive/2017/texmf-dist/tex/latex/psnfss/omxzplm.fd
File: omxzplm.fd 2002/09/08 Fontinst v1.914 font definitions for OMX/zplm.
)
LaTeX Font Info:    Try loading font information for OT1+zplm on input line 281
.

(/usr/local/texlive/2017/texmf-dist/tex/latex/psnfss/ot1zplm.fd
File: ot1zplm.fd 2002/09/08 Fontinst v1.914 font definitions for OT1/zplm.
)
LaTeX Font Info:    Font shape `U/msa/m/n' will be
(Font)              scaled to size 12.50409pt on input line 281.
LaTeX Font Info:    Font shape `U/msa/m/n' will be
(Font)              scaled to size 9.37807pt on input line 281.
LaTeX Font Info:    Font shape `U/msa/m/n' will be
(Font)              scaled to size 7.29405pt on input line 281.
LaTeX Font Info:    Font shape `U/msb/m/n' will be
(Font)              scaled to size 12.50409pt on input line 281.
LaTeX Font Info:    Font shape `U/msb/m/n' will be
(Font)              scaled to size 9.37807pt on input line 281.
LaTeX Font Info:    Font shape `U/msb/m/n' will be
(Font)              scaled to size 7.29405pt on input line 281.
LaTeX Font Info:    Font shape `T1/ppl/bx/n' in size <14.4> not available
(Font)              Font shape `T1/ppl/b/n' tried instead on input line 290.
LaTeX Font Info:    Font shape `T1/ppl/bx/n' in size <12> not available
(Font)              Font shape `T1/ppl/b/n' tried instead on input line 292.
LaTeX Font Info:    Try loading font information for TS1+ppl on input line 300.


(/usr/local/texlive/2017/texmf-dist/tex/latex/psnfss/ts1ppl.fd
File: ts1ppl.fd 2001/06/04 font definitions for TS1/ppl.
)
LaTeX Font Info:    Font shape `T1/ppl/bx/n' in size <10.95> not available
(Font)              Font shape `T1/ppl/b/n' tried instead on input line 310.

Underfull \hbox (badness 10000) in paragraph at lines 307--311

 []


Underfull \hbox (badness 10000) in paragraph at lines 312--316

 []


Underfull \hbox (badness 10000) in paragraph at lines 317--320

 []


Underfull \hbox (badness 10000) in paragraph at lines 321--322

 []


Underfull \hbox (badness 10000) in paragraph at lines 323--330

 []

[1

{/usr/local/texlive/2017/texmf-var/fonts/map/pdftex/updmap/pdftex.map}]
LaTeX Font Info:    Font shape `U/msa/m/n' will be
(Font)              scaled to size 11.40997pt on input line 360.
LaTeX Font Info:    Font shape `U/msa/m/n' will be
(Font)              scaled to size 8.33606pt on input line 360.
LaTeX Font Info:    Font shape `U/msa/m/n' will be
(Font)              scaled to size 6.25204pt on input line 360.
LaTeX Font Info:    Font shape `U/msb/m/n' will be
(Font)              scaled to size 11.40997pt on input line 360.
LaTeX Font Info:    Font shape `U/msb/m/n' will be
(Font)              scaled to size 8.33606pt on input line 360.
LaTeX Font Info:    Font shape `U/msb/m/n' will be
(Font)              scaled to size 6.25204pt on input line 360.

Underfull \hbox (badness 10000) in paragraph at lines 360--361

 []


Underfull \hbox (badness 10000) in paragraph at lines 362--364

 []


Underfull \hbox (badness 10000) in paragraph at lines 365--367

 []


Underfull \hbox (badness 10000) in paragraph at lines 368--369

 []


Underfull \hbox (badness 10000) in paragraph at lines 393--394

 []


Underfull \hbox (badness 10000) in paragraph at lines 395--396

 []


Underfull \hbox (badness 10000) in paragraph at lines 397--398

 []


Underfull \hbox (badness 10000) in paragraph at lines 399--400

 []

[2]
Underfull \hbox (badness 10000) in paragraph at lines 401--405

 []


Underfull \hbox (badness 10000) in paragraph at lines 406--409

 []

LaTeX Font Info:    Try loading font information for T1+cmtt on input line 431.

(/usr/local/texlive/2017/texmf-dist/tex/latex/base/t1cmtt.fd
File: t1cmtt.fd 2014/09/29 v2.5h Standard LaTeX font definitions
)
LaTeX Font Info:    Font shape `T1/cmtt/bx/n' in size <8> not available
(Font)              Font shape `T1/cmtt/m/n' tried instead on input line 433.
LaTeX Font Info:    Try loading font information for TS1+cmtt on input line 448
.

(/usr/local/texlive/2017/texmf-dist/tex/latex/base/ts1cmtt.fd
File: ts1cmtt.fd 2014/09/29 v2.5h Standard LaTeX font definitions
) [3] [4]
<cs166-assignment-3-network-sim_files/cs166-assignment-3-network-sim_4_0.png, i
d=139, 479.7925pt x 333.245pt>
File: cs166-assignment-3-network-sim_files/cs166-assignment-3-network-sim_4_0.p
ng Graphic file (type png)

<use cs166-assignment-3-network-sim_files/cs166-assignment-3-network-sim_4_0.pn
g>
Package pdftex.def Info: cs166-assignment-3-network-sim_files/cs166-assignment-
3-network-sim_4_0.png used on input line 567.
(pdftex.def)             Requested size: 479.7913pt x 333.24417pt.

<cs166-assignment-3-network-sim_files/cs166-assignment-3-network-sim_4_1.png, i
d=141, 479.7925pt x 333.245pt>
File: cs166-assignment-3-network-sim_files/cs166-assignment-3-network-sim_4_1.p
ng Graphic file (type png)

<use cs166-assignment-3-network-sim_files/cs166-assignment-3-network-sim_4_1.pn
g>
Package pdftex.def Info: cs166-assignment-3-network-sim_files/cs166-assignment-
3-network-sim_4_1.png used on input line 572.
(pdftex.def)             Requested size: 479.7913pt x 333.24417pt.

<cs166-assignment-3-network-sim_files/cs166-assignment-3-network-sim_4_2.png, i
d=142, 474.77374pt x 333.245pt>
File: cs166-assignment-3-network-sim_files/cs166-assignment-3-network-sim_4_2.p
ng Graphic file (type png)

<use cs166-assignment-3-network-sim_files/cs166-assignment-3-network-sim_4_2.pn
g>
Package pdftex.def Info: cs166-assignment-3-network-sim_files/cs166-assignment-
3-network-sim_4_2.png used on input line 577.
(pdftex.def)             Requested size: 474.77258pt x 333.24417pt.
 [5 <./cs166-assignment-3-network-sim_files/cs166-assignment-3-network-sim_4_0.
png> <./cs166-assignment-3-network-sim_files/cs166-assignment-3-network-sim_4_1
.png>]
<cs166-assignment-3-network-sim_files/cs166-assignment-3-network-sim_4_3.png, i
d=149, 479.7925pt x 333.245pt>
File: cs166-assignment-3-network-sim_files/cs166-assignment-3-network-sim_4_3.p
ng Graphic file (type png)

<use cs166-assignment-3-network-sim_files/cs166-assignment-3-network-sim_4_3.pn
g>
Package pdftex.def Info: cs166-assignment-3-network-sim_files/cs166-assignment-
3-network-sim_4_3.png used on input line 582.
(pdftex.def)             Requested size: 479.7913pt x 333.24417pt.

<cs166-assignment-3-network-sim_files/cs166-assignment-3-network-sim_4_4.png, i
d=150, 474.77374pt x 333.245pt>
File: cs166-assignment-3-network-sim_files/cs166-assignment-3-network-sim_4_4.p
ng Graphic file (type png)

<use cs166-assignment-3-network-sim_files/cs166-assignment-3-network-sim_4_4.pn
g>
Package pdftex.def Info: cs166-assignment-3-network-sim_files/cs166-assignment-
3-network-sim_4_4.png used on input line 587.
(pdftex.def)             Requested size: 474.77258pt x 333.24417pt.

<cs166-assignment-3-network-sim_files/cs166-assignment-3-network-sim_4_5.png, i
d=151, 474.77374pt x 333.245pt>
File: cs166-assignment-3-network-sim_files/cs166-assignment-3-network-sim_4_5.p
ng Graphic file (type png)

<use cs166-assignment-3-network-sim_files/cs166-assignment-3-network-sim_4_5.pn
g>
Package pdftex.def Info: cs166-assignment-3-network-sim_files/cs166-assignment-
3-network-sim_4_5.png used on input line 592.
(pdftex.def)             Requested size: 474.77258pt x 333.24417pt.
 [6 <./cs166-assignment-3-network-sim_files/cs166-assignment-3-network-sim_4_2.
png> <./cs166-assignment-3-network-sim_files/cs166-assignment-3-network-sim_4_3
.png> <./cs166-assignment-3-network-sim_files/cs166-assignment-3-network-sim_4_
4.png>]
<cs166-assignment-3-network-sim_files/cs166-assignment-3-network-sim_4_6.png, i
d=159, 479.7925pt x 333.245pt>
File: cs166-assignment-3-network-sim_files/cs166-assignment-3-network-sim_4_6.p
ng Graphic file (type png)

<use cs166-assignment-3-network-sim_files/cs166-assignment-3-network-sim_4_6.pn
g>
Package pdftex.def Info: cs166-assignment-3-network-sim_files/cs166-assignment-
3-network-sim_4_6.png used on input line 597.
(pdftex.def)             Requested size: 479.7913pt x 333.24417pt.

<cs166-assignment-3-network-sim_files/cs166-assignment-3-network-sim_4_7.png, i
d=160, 479.7925pt x 333.245pt>
File: cs166-assignment-3-network-sim_files/cs166-assignment-3-network-sim_4_7.p
ng Graphic file (type png)

<use cs166-assignment-3-network-sim_files/cs166-assignment-3-network-sim_4_7.pn
g>
Package pdftex.def Info: cs166-assignment-3-network-sim_files/cs166-assignment-
3-network-sim_4_7.png used on input line 602.
(pdftex.def)             Requested size: 479.7913pt x 333.24417pt.

<cs166-assignment-3-network-sim_files/cs166-assignment-3-network-sim_4_8.png, i
d=161, 479.7925pt x 333.245pt>
File: cs166-assignment-3-network-sim_files/cs166-assignment-3-network-sim_4_8.p
ng Graphic file (type png)

<use cs166-assignment-3-network-sim_files/cs166-assignment-3-network-sim_4_8.pn
g>
Package pdftex.def Info: cs166-assignment-3-network-sim_files/cs166-assignment-
3-network-sim_4_8.png used on input line 607.
(pdftex.def)             Requested size: 479.7913pt x 333.24417pt.
 [7 <./cs166-assignment-3-network-sim_files/cs166-assignment-3-network-sim_4_5.
png> <./cs166-assignment-3-network-sim_files/cs166-assignment-3-network-sim_4_6
.png> <./cs166-assignment-3-network-sim_files/cs166-assignment-3-network-sim_4_
7.png>]
<cs166-assignment-3-network-sim_files/cs166-assignment-3-network-sim_4_9.png, i
d=170, 481.8pt x 333.245pt>
File: cs166-assignment-3-network-sim_files/cs166-assignment-3-network-sim_4_9.p
ng Graphic file (type png)

<use cs166-assignment-3-network-sim_files/cs166-assignment-3-network-sim_4_9.pn
g>
Package pdftex.def Info: cs166-assignment-3-network-sim_files/cs166-assignment-
3-network-sim_4_9.png used on input line 612.
(pdftex.def)             Requested size: 481.79881pt x 333.24417pt.

<cs166-assignment-3-network-sim_files/cs166-assignment-3-network-sim_4_10.png, 
id=171, 479.7925pt x 333.245pt>
File: cs166-assignment-3-network-sim_files/cs166-assignment-3-network-sim_4_10.
png Graphic file (type png)

<use cs166-assignment-3-network-sim_files/cs166-assignment-3-network-sim_4_10.p
ng>
Package pdftex.def Info: cs166-assignment-3-network-sim_files/cs166-assignment-
3-network-sim_4_10.png used on input line 617.
(pdftex.def)             Requested size: 479.7913pt x 333.24417pt.
 [8 <./cs166-assignment-3-network-sim_files/cs166-assignment-3-network-sim_4_8.
png> <./cs166-assignment-3-network-sim_files/cs166-assignment-3-network-sim_4_9
.png> <./cs166-assignment-3-network-sim_files/cs166-assignment-3-network-sim_4_
10.png>] [9]
Underfull \hbox (badness 10000) in paragraph at lines 668--669

 []


Underfull \hbox (badness 10000) in paragraph at lines 670--674

 []


Underfull \hbox (badness 10000) in paragraph at lines 676--677

 []


<cs166-assignment-3-network-sim_files/cs166-assignment-3-network-sim_7_0.png, i
d=183, 1420.46684pt x 931.92165pt>
File: cs166-assignment-3-network-sim_files/cs166-assignment-3-network-sim_7_0.p
ng Graphic file (type png)

<use cs166-assignment-3-network-sim_files/cs166-assignment-3-network-sim_7_0.pn
g>
Package pdftex.def Info: cs166-assignment-3-network-sim_files/cs166-assignment-
3-network-sim_7_0.png used on input line 728.
(pdftex.def)             Requested size: 1420.46338pt x 931.91937pt.
 [10]

Package hyperref Warning: Token not allowed in a PDF string (PDFDocEncoding):
(hyperref)                removing `math shift' on input line 731.


Package hyperref Warning: Token not allowed in a PDF string (PDFDocEncoding):
(hyperref)                removing `\beta' on input line 731.


Package hyperref Warning: Token not allowed in a PDF string (PDFDocEncoding):
(hyperref)                removing `math shift' on input line 731.


Package hyperref Warning: Token not allowed in a PDF string (PDFDocEncoding):
(hyperref)                removing `\gamma' on input line 731.


Underfull \hbox (badness 10000) in paragraph at lines 733--744

 []


Underfull \hbox (badness 10000) in paragraph at lines 745--756

 []

[11 <./cs166-assignment-3-network-sim_files/cs166-assignment-3-network-sim_7_0.
png>]

Package hyperref Warning: Token not allowed in a PDF string (PDFDocEncoding):
(hyperref)                removing `math shift' on input line 770.


Underfull \hbox (badness 10000) in paragraph at lines 815--819

 []

[12]
LaTeX Font Info:    Font shape `U/msa/m/n' will be
(Font)              scaled to size 5.21004pt on input line 863.
LaTeX Font Info:    Font shape `U/msb/m/n' will be
(Font)              scaled to size 5.21004pt on input line 863.
LaTeX Font Info:    Font shape `T1/ppl/bx/n' in size <9> not available
(Font)              Font shape `T1/ppl/b/n' tried instead on input line 863.

Underfull \hbox (badness 10000) in paragraph at lines 861--869

 []


Underfull \hbox (badness 10000) in paragraph at lines 870--871

 []


Underfull \hbox (badness 10000) in paragraph at lines 888--895

 []

[13]
<cs166-assignment-3-network-sim_files/cs166-assignment-3-network-sim_11_0.png, 
id=210, 552.96875pt x 332.85497pt>
File: cs166-assignment-3-network-sim_files/cs166-assignment-3-network-sim_11_0.
png Graphic file (type png)

<use cs166-assignment-3-network-sim_files/cs166-assignment-3-network-sim_11_0.p
ng>
Package pdftex.def Info: cs166-assignment-3-network-sim_files/cs166-assignment-
3-network-sim_11_0.png used on input line 941.
(pdftex.def)             Requested size: 552.96739pt x 332.85414pt.

Underfull \hbox (badness 10000) in paragraph at lines 944--958

 []

[14 <./cs166-assignment-3-network-sim_files/cs166-assignment-3-network-sim_11_0
.png>]
<cs166-assignment-3-network-sim_files/cs166-assignment-3-network-sim_13_0.png, 
id=216, 1459.1313pt x 1436.7276pt>
File: cs166-assignment-3-network-sim_files/cs166-assignment-3-network-sim_13_0.
png Graphic file (type png)

<use cs166-assignment-3-network-sim_files/cs166-assignment-3-network-sim_13_0.p
ng>
Package pdftex.def Info: cs166-assignment-3-network-sim_files/cs166-assignment-
3-network-sim_13_0.png used on input line 1017.
(pdftex.def)             Requested size: 1459.12775pt x 1436.7241pt.
 [15]
Underfull \hbox (badness 10000) in paragraph at lines 1020--1028

 []


Underfull \hbox (badness 10000) in paragraph at lines 1029--1038

 []


Underfull \hbox (badness 10000) in paragraph at lines 1039--1040

 []

[16 <./cs166-assignment-3-network-sim_files/cs166-assignment-3-network-sim_13_0
.png>]
Underfull \hbox (badness 10000) in paragraph at lines 1059--1066

 []


Underfull \hbox (badness 1067) in paragraph at lines 1067--1072
[]\T1/ppl/m/n/10.95 As such, the opin-ion change equa-tion will be changed from
 $\OT1/zplm/m/n/10.95 ^^A\OML/zplm/m/it/10.95 o[] \OT1/zplm/m/n/10.95 = \OML/zp
lm/m/it/10.95 w[]\OT1/zplm/m/n/10.95 (\OML/zplm/m/it/10.95 o[] \OMS/zplm/m/n/1
0.95 ^^@ \OML/zplm/m/it/10.95 o[]\OT1/zplm/m/n/10.95 )$\T1/ppl/m/n/10.95 , to
 []


Underfull \hbox (badness 10000) in paragraph at lines 1067--1072

 []


<cs166-assignment-3-network-sim_files/cs166-assignment-3-network-sim_16_0.png, 
id=226, 564.53194pt x 333.26794pt>
File: cs166-assignment-3-network-sim_files/cs166-assignment-3-network-sim_16_0.
png Graphic file (type png)

<use cs166-assignment-3-network-sim_files/cs166-assignment-3-network-sim_16_0.p
ng>
Package pdftex.def Info: cs166-assignment-3-network-sim_files/cs166-assignment-
3-network-sim_16_0.png used on input line 1099.
(pdftex.def)             Requested size: 564.53055pt x 333.26712pt.
 [17]
Underfull \hbox (badness 10000) in paragraph at lines 1102--1103

 []


Underfull \hbox (badness 10000) in paragraph at lines 1104--1112

 []

[18 <./cs166-assignment-3-network-sim_files/cs166-assignment-3-network-sim_16_0
.png>] [19]
Underfull \hbox (badness 10000) in paragraph at lines 1194--1195

 []


<cs166-assignment-3-network-sim_files/cs166-assignment-3-network-sim_19_0.png, 
id=241, 1734.2391pt x 1694.0088pt>
File: cs166-assignment-3-network-sim_files/cs166-assignment-3-network-sim_19_0.
png Graphic file (type png)

<use cs166-assignment-3-network-sim_files/cs166-assignment-3-network-sim_19_0.p
ng>
Package pdftex.def Info: cs166-assignment-3-network-sim_files/cs166-assignment-
3-network-sim_19_0.png used on input line 1196.
(pdftex.def)             Requested size: 1734.2349pt x 1694.00468pt.

<cs166-assignment-3-network-sim_files/vector_field_02.png, id=242, 699.61375pt 
x 654.445pt>
File: cs166-assignment-3-network-sim_files/vector_field_02.png Graphic file (ty
pe png)
 <use cs166-assignment-3-network-sim_files/vector_field_02.png>
Package pdftex.def Info: cs166-assignment-3-network-sim_files/vector_field_02.p
ng used on input line 1200.
(pdftex.def)             Requested size: 699.61205pt x 654.4434pt.

[20 <./cs166-assignment-3-network-sim_files/cs166-assignment-3-network-sim_19_0
.png>] [21 <./cs166-assignment-3-network-sim_files/vector_field_02.png>]
Underfull \hbox (badness 10000) in paragraph at lines 1280--1291

 []

[22] [23] [24] [25] [26] [27]
<cs166-assignment-3-network-sim_files/cs166-assignment-3-network-sim_23_0.png, 
id=287, 474.77374pt x 333.245pt>
File: cs166-assignment-3-network-sim_files/cs166-assignment-3-network-sim_23_0.
png Graphic file (type png)

<use cs166-assignment-3-network-sim_files/cs166-assignment-3-network-sim_23_0.p
ng>
Package pdftex.def Info: cs166-assignment-3-network-sim_files/cs166-assignment-
3-network-sim_23_0.png used on input line 1564.
(pdftex.def)             Requested size: 474.77258pt x 333.24417pt.

<cs166-assignment-3-network-sim_files/cs166-assignment-3-network-sim_23_1.png, 
id=288, 479.7925pt x 333.245pt>
File: cs166-assignment-3-network-sim_files/cs166-assignment-3-network-sim_23_1.
png Graphic file (type png)

<use cs166-assignment-3-network-sim_files/cs166-assignment-3-network-sim_23_1.p
ng>
Package pdftex.def Info: cs166-assignment-3-network-sim_files/cs166-assignment-
3-network-sim_23_1.png used on input line 1569.
(pdftex.def)             Requested size: 479.7913pt x 333.24417pt.

<cs166-assignment-3-network-sim_files/cs166-assignment-3-network-sim_23_2.png, 
id=289, 479.7925pt x 333.245pt>
File: cs166-assignment-3-network-sim_files/cs166-assignment-3-network-sim_23_2.
png Graphic file (type png)

<use cs166-assignment-3-network-sim_files/cs166-assignment-3-network-sim_23_2.p
ng>
Package pdftex.def Info: cs166-assignment-3-network-sim_files/cs166-assignment-
3-network-sim_23_2.png used on input line 1574.
(pdftex.def)             Requested size: 479.7913pt x 333.24417pt.
 [28 <./cs166-assignment-3-network-sim_files/cs166-assignment-3-network-sim_23_
0.png> <./cs166-assignment-3-network-sim_files/cs166-assignment-3-network-sim_2
3_1.png>]
<cs166-assignment-3-network-sim_files/cs166-assignment-3-network-sim_23_3.png, 
id=297, 474.77374pt x 333.245pt>
File: cs166-assignment-3-network-sim_files/cs166-assignment-3-network-sim_23_3.
png Graphic file (type png)

<use cs166-assignment-3-network-sim_files/cs166-assignment-3-network-sim_23_3.p
ng>
Package pdftex.def Info: cs166-assignment-3-network-sim_files/cs166-assignment-
3-network-sim_23_3.png used on input line 1579.
(pdftex.def)             Requested size: 474.77258pt x 333.24417pt.

<cs166-assignment-3-network-sim_files/cs166-assignment-3-network-sim_23_4.png, 
id=298, 474.77374pt x 333.245pt>
File: cs166-assignment-3-network-sim_files/cs166-assignment-3-network-sim_23_4.
png Graphic file (type png)

<use cs166-assignment-3-network-sim_files/cs166-assignment-3-network-sim_23_4.p
ng>
Package pdftex.def Info: cs166-assignment-3-network-sim_files/cs166-assignment-
3-network-sim_23_4.png used on input line 1584.
(pdftex.def)             Requested size: 474.77258pt x 333.24417pt.

<cs166-assignment-3-network-sim_files/cs166-assignment-3-network-sim_23_5.png, 
id=299, 474.77374pt x 333.245pt>
File: cs166-assignment-3-network-sim_files/cs166-assignment-3-network-sim_23_5.
png Graphic file (type png)

<use cs166-assignment-3-network-sim_files/cs166-assignment-3-network-sim_23_5.p
ng>
Package pdftex.def Info: cs166-assignment-3-network-sim_files/cs166-assignment-
3-network-sim_23_5.png used on input line 1589.
(pdftex.def)             Requested size: 474.77258pt x 333.24417pt.
 [29 <./cs166-assignment-3-network-sim_files/cs166-assignment-3-network-sim_23_
2.png> <./cs166-assignment-3-network-sim_files/cs166-assignment-3-network-sim_2
3_3.png> <./cs166-assignment-3-network-sim_files/cs166-assignment-3-network-sim
_23_4.png>]
<cs166-assignment-3-network-sim_files/cs166-assignment-3-network-sim_23_6.png, 
id=307, 474.77374pt x 333.245pt>
File: cs166-assignment-3-network-sim_files/cs166-assignment-3-network-sim_23_6.
png Graphic file (type png)

<use cs166-assignment-3-network-sim_files/cs166-assignment-3-network-sim_23_6.p
ng>
Package pdftex.def Info: cs166-assignment-3-network-sim_files/cs166-assignment-
3-network-sim_23_6.png used on input line 1594.
(pdftex.def)             Requested size: 474.77258pt x 333.24417pt.

<cs166-assignment-3-network-sim_files/cs166-assignment-3-network-sim_23_7.png, 
id=308, 474.77374pt x 333.245pt>
File: cs166-assignment-3-network-sim_files/cs166-assignment-3-network-sim_23_7.
png Graphic file (type png)

<use cs166-assignment-3-network-sim_files/cs166-assignment-3-network-sim_23_7.p
ng>
Package pdftex.def Info: cs166-assignment-3-network-sim_files/cs166-assignment-
3-network-sim_23_7.png used on input line 1599.
(pdftex.def)             Requested size: 474.77258pt x 333.24417pt.

<cs166-assignment-3-network-sim_files/cs166-assignment-3-network-sim_23_8.png, 
id=309, 474.77374pt x 333.245pt>
File: cs166-assignment-3-network-sim_files/cs166-assignment-3-network-sim_23_8.
png Graphic file (type png)

<use cs166-assignment-3-network-sim_files/cs166-assignment-3-network-sim_23_8.p
ng>
Package pdftex.def Info: cs166-assignment-3-network-sim_files/cs166-assignment-
3-network-sim_23_8.png used on input line 1604.
(pdftex.def)             Requested size: 474.77258pt x 333.24417pt.
 [30 <./cs166-assignment-3-network-sim_files/cs166-assignment-3-network-sim_23_
5.png> <./cs166-assignment-3-network-sim_files/cs166-assignment-3-network-sim_2
3_6.png> <./cs166-assignment-3-network-sim_files/cs166-assignment-3-network-sim
_23_7.png>]
<cs166-assignment-3-network-sim_files/cs166-assignment-3-network-sim_23_9.png, 
id=317, 479.7925pt x 333.245pt>
File: cs166-assignment-3-network-sim_files/cs166-assignment-3-network-sim_23_9.
png Graphic file (type png)

<use cs166-assignment-3-network-sim_files/cs166-assignment-3-network-sim_23_9.p
ng>
Package pdftex.def Info: cs166-assignment-3-network-sim_files/cs166-assignment-
3-network-sim_23_9.png used on input line 1609.
(pdftex.def)             Requested size: 479.7913pt x 333.24417pt.

<cs166-assignment-3-network-sim_files/cs166-assignment-3-network-sim_23_10.png,
 id=318, 479.7925pt x 333.245pt>
File: cs166-assignment-3-network-sim_files/cs166-assignment-3-network-sim_23_10
.png Graphic file (type png)

<use cs166-assignment-3-network-sim_files/cs166-assignment-3-network-sim_23_10.
png>
Package pdftex.def Info: cs166-assignment-3-network-sim_files/cs166-assignment-
3-network-sim_23_10.png used on input line 1614.
(pdftex.def)             Requested size: 479.7913pt x 333.24417pt.
 [31 <./cs166-assignment-3-network-sim_files/cs166-assignment-3-network-sim_23_
8.png> <./cs166-assignment-3-network-sim_files/cs166-assignment-3-network-sim_2
3_9.png> <./cs166-assignment-3-network-sim_files/cs166-assignment-3-network-sim
_23_10.png>]
<cs166-assignment-3-network-sim_files/cs166-assignment-3-network-sim_24_0.png, 
id=327, 479.7925pt x 333.245pt>
File: cs166-assignment-3-network-sim_files/cs166-assignment-3-network-sim_24_0.
png Graphic file (type png)

<use cs166-assignment-3-network-sim_files/cs166-assignment-3-network-sim_24_0.p
ng>
Package pdftex.def Info: cs166-assignment-3-network-sim_files/cs166-assignment-
3-network-sim_24_0.png used on input line 1631.
(pdftex.def)             Requested size: 479.7913pt x 333.24417pt.

<cs166-assignment-3-network-sim_files/cs166-assignment-3-network-sim_24_1.png, 
id=328, 479.7925pt x 333.245pt>
File: cs166-assignment-3-network-sim_files/cs166-assignment-3-network-sim_24_1.
png Graphic file (type png)

<use cs166-assignment-3-network-sim_files/cs166-assignment-3-network-sim_24_1.p
ng>
Package pdftex.def Info: cs166-assignment-3-network-sim_files/cs166-assignment-
3-network-sim_24_1.png used on input line 1636.
(pdftex.def)             Requested size: 479.7913pt x 333.24417pt.

<cs166-assignment-3-network-sim_files/cs166-assignment-3-network-sim_24_2.png, 
id=329, 479.7925pt x 333.245pt>
File: cs166-assignment-3-network-sim_files/cs166-assignment-3-network-sim_24_2.
png Graphic file (type png)

<use cs166-assignment-3-network-sim_files/cs166-assignment-3-network-sim_24_2.p
ng>
Package pdftex.def Info: cs166-assignment-3-network-sim_files/cs166-assignment-
3-network-sim_24_2.png used on input line 1641.
(pdftex.def)             Requested size: 479.7913pt x 333.24417pt.
 [32 <./cs166-assignment-3-network-sim_files/cs166-assignment-3-network-sim_24_
0.png> <./cs166-assignment-3-network-sim_files/cs166-assignment-3-network-sim_2
4_1.png>]
<cs166-assignment-3-network-sim_files/cs166-assignment-3-network-sim_24_3.png, 
id=337, 479.7925pt x 333.245pt>
File: cs166-assignment-3-network-sim_files/cs166-assignment-3-network-sim_24_3.
png Graphic file (type png)

<use cs166-assignment-3-network-sim_files/cs166-assignment-3-network-sim_24_3.p
ng>
Package pdftex.def Info: cs166-assignment-3-network-sim_files/cs166-assignment-
3-network-sim_24_3.png used on input line 1646.
(pdftex.def)             Requested size: 479.7913pt x 333.24417pt.

<cs166-assignment-3-network-sim_files/cs166-assignment-3-network-sim_24_4.png, 
id=338, 479.7925pt x 333.245pt>
File: cs166-assignment-3-network-sim_files/cs166-assignment-3-network-sim_24_4.
png Graphic file (type png)

<use cs166-assignment-3-network-sim_files/cs166-assignment-3-network-sim_24_4.p
ng>
Package pdftex.def Info: cs166-assignment-3-network-sim_files/cs166-assignment-
3-network-sim_24_4.png used on input line 1651.
(pdftex.def)             Requested size: 479.7913pt x 333.24417pt.

<cs166-assignment-3-network-sim_files/cs166-assignment-3-network-sim_24_5.png, 
id=339, 474.77374pt x 333.245pt>
File: cs166-assignment-3-network-sim_files/cs166-assignment-3-network-sim_24_5.
png Graphic file (type png)

<use cs166-assignment-3-network-sim_files/cs166-assignment-3-network-sim_24_5.p
ng>
Package pdftex.def Info: cs166-assignment-3-network-sim_files/cs166-assignment-
3-network-sim_24_5.png used on input line 1656.
(pdftex.def)             Requested size: 474.77258pt x 333.24417pt.
 [33 <./cs166-assignment-3-network-sim_files/cs166-assignment-3-network-sim_24_
2.png> <./cs166-assignment-3-network-sim_files/cs166-assignment-3-network-sim_2
4_3.png> <./cs166-assignment-3-network-sim_files/cs166-assignment-3-network-sim
_24_4.png>]
<cs166-assignment-3-network-sim_files/cs166-assignment-3-network-sim_24_6.png, 
id=347, 474.77374pt x 333.245pt>
File: cs166-assignment-3-network-sim_files/cs166-assignment-3-network-sim_24_6.
png Graphic file (type png)

<use cs166-assignment-3-network-sim_files/cs166-assignment-3-network-sim_24_6.p
ng>
Package pdftex.def Info: cs166-assignment-3-network-sim_files/cs166-assignment-
3-network-sim_24_6.png used on input line 1661.
(pdftex.def)             Requested size: 474.77258pt x 333.24417pt.

<cs166-assignment-3-network-sim_files/cs166-assignment-3-network-sim_24_7.png, 
id=348, 479.7925pt x 333.245pt>
File: cs166-assignment-3-network-sim_files/cs166-assignment-3-network-sim_24_7.
png Graphic file (type png)

<use cs166-assignment-3-network-sim_files/cs166-assignment-3-network-sim_24_7.p
ng>
Package pdftex.def Info: cs166-assignment-3-network-sim_files/cs166-assignment-
3-network-sim_24_7.png used on input line 1666.
(pdftex.def)             Requested size: 479.7913pt x 333.24417pt.

<cs166-assignment-3-network-sim_files/cs166-assignment-3-network-sim_24_8.png, 
id=349, 479.7925pt x 333.245pt>
File: cs166-assignment-3-network-sim_files/cs166-assignment-3-network-sim_24_8.
png Graphic file (type png)

<use cs166-assignment-3-network-sim_files/cs166-assignment-3-network-sim_24_8.p
ng>
Package pdftex.def Info: cs166-assignment-3-network-sim_files/cs166-assignment-
3-network-sim_24_8.png used on input line 1671.
(pdftex.def)             Requested size: 479.7913pt x 333.24417pt.
 [34 <./cs166-assignment-3-network-sim_files/cs166-assignment-3-network-sim_24_
5.png> <./cs166-assignment-3-network-sim_files/cs166-assignment-3-network-sim_2
4_6.png> <./cs166-assignment-3-network-sim_files/cs166-assignment-3-network-sim
_24_7.png>]
<cs166-assignment-3-network-sim_files/cs166-assignment-3-network-sim_24_9.png, 
id=358, 479.7925pt x 333.245pt>
File: cs166-assignment-3-network-sim_files/cs166-assignment-3-network-sim_24_9.
png Graphic file (type png)

<use cs166-assignment-3-network-sim_files/cs166-assignment-3-network-sim_24_9.p
ng>
Package pdftex.def Info: cs166-assignment-3-network-sim_files/cs166-assignment-
3-network-sim_24_9.png used on input line 1675.
(pdftex.def)             Requested size: 479.7913pt x 333.24417pt.

<cs166-assignment-3-network-sim_files/cs166-assignment-3-network-sim_24_10.png,
 id=359, 479.7925pt x 333.245pt>
File: cs166-assignment-3-network-sim_files/cs166-assignment-3-network-sim_24_10
.png Graphic file (type png)

<use cs166-assignment-3-network-sim_files/cs166-assignment-3-network-sim_24_10.
png>
Package pdftex.def Info: cs166-assignment-3-network-sim_files/cs166-assignment-
3-network-sim_24_10.png used on input line 1680.
(pdftex.def)             Requested size: 479.7913pt x 333.24417pt.
 [35 <./cs166-assignment-3-network-sim_files/cs166-assignment-3-network-sim_24_
8.png> <./cs166-assignment-3-network-sim_files/cs166-assignment-3-network-sim_2
4_9.png> <./cs166-assignment-3-network-sim_files/cs166-assignment-3-network-sim
_24_10.png>]
<cs166-assignment-3-network-sim_files/cs166-assignment-3-network-sim_25_0.png, 
id=367, 474.77374pt x 333.245pt>
File: cs166-assignment-3-network-sim_files/cs166-assignment-3-network-sim_25_0.
png Graphic file (type png)

<use cs166-assignment-3-network-sim_files/cs166-assignment-3-network-sim_25_0.p
ng>
Package pdftex.def Info: cs166-assignment-3-network-sim_files/cs166-assignment-
3-network-sim_25_0.png used on input line 1697.
(pdftex.def)             Requested size: 474.77258pt x 333.24417pt.

<cs166-assignment-3-network-sim_files/cs166-assignment-3-network-sim_25_1.png, 
id=368, 479.7925pt x 333.245pt>
File: cs166-assignment-3-network-sim_files/cs166-assignment-3-network-sim_25_1.
png Graphic file (type png)

<use cs166-assignment-3-network-sim_files/cs166-assignment-3-network-sim_25_1.p
ng>
Package pdftex.def Info: cs166-assignment-3-network-sim_files/cs166-assignment-
3-network-sim_25_1.png used on input line 1702.
(pdftex.def)             Requested size: 479.7913pt x 333.24417pt.

<cs166-assignment-3-network-sim_files/cs166-assignment-3-network-sim_25_2.png, 
id=369, 479.7925pt x 333.245pt>
File: cs166-assignment-3-network-sim_files/cs166-assignment-3-network-sim_25_2.
png Graphic file (type png)

<use cs166-assignment-3-network-sim_files/cs166-assignment-3-network-sim_25_2.p
ng>
Package pdftex.def Info: cs166-assignment-3-network-sim_files/cs166-assignment-
3-network-sim_25_2.png used on input line 1707.
(pdftex.def)             Requested size: 479.7913pt x 333.24417pt.
 [36 <./cs166-assignment-3-network-sim_files/cs166-assignment-3-network-sim_25_
0.png> <./cs166-assignment-3-network-sim_files/cs166-assignment-3-network-sim_2
5_1.png>]
<cs166-assignment-3-network-sim_files/cs166-assignment-3-network-sim_25_3.png, 
id=377, 479.7925pt x 333.245pt>
File: cs166-assignment-3-network-sim_files/cs166-assignment-3-network-sim_25_3.
png Graphic file (type png)

<use cs166-assignment-3-network-sim_files/cs166-assignment-3-network-sim_25_3.p
ng>
Package pdftex.def Info: cs166-assignment-3-network-sim_files/cs166-assignment-
3-network-sim_25_3.png used on input line 1712.
(pdftex.def)             Requested size: 479.7913pt x 333.24417pt.

<cs166-assignment-3-network-sim_files/cs166-assignment-3-network-sim_25_4.png, 
id=378, 479.7925pt x 333.245pt>
File: cs166-assignment-3-network-sim_files/cs166-assignment-3-network-sim_25_4.
png Graphic file (type png)

<use cs166-assignment-3-network-sim_files/cs166-assignment-3-network-sim_25_4.p
ng>
Package pdftex.def Info: cs166-assignment-3-network-sim_files/cs166-assignment-
3-network-sim_25_4.png used on input line 1717.
(pdftex.def)             Requested size: 479.7913pt x 333.24417pt.

<cs166-assignment-3-network-sim_files/cs166-assignment-3-network-sim_25_5.png, 
id=379, 482.80376pt x 333.245pt>
File: cs166-assignment-3-network-sim_files/cs166-assignment-3-network-sim_25_5.
png Graphic file (type png)

<use cs166-assignment-3-network-sim_files/cs166-assignment-3-network-sim_25_5.p
ng>
Package pdftex.def Info: cs166-assignment-3-network-sim_files/cs166-assignment-
3-network-sim_25_5.png used on input line 1722.
(pdftex.def)             Requested size: 482.80258pt x 333.24417pt.
 [37 <./cs166-assignment-3-network-sim_files/cs166-assignment-3-network-sim_25_
2.png> <./cs166-assignment-3-network-sim_files/cs166-assignment-3-network-sim_2
5_3.png> <./cs166-assignment-3-network-sim_files/cs166-assignment-3-network-sim
_25_4.png>]
<cs166-assignment-3-network-sim_files/cs166-assignment-3-network-sim_25_6.png, 
id=388, 479.7925pt x 333.245pt>
File: cs166-assignment-3-network-sim_files/cs166-assignment-3-network-sim_25_6.
png Graphic file (type png)

<use cs166-assignment-3-network-sim_files/cs166-assignment-3-network-sim_25_6.p
ng>
Package pdftex.def Info: cs166-assignment-3-network-sim_files/cs166-assignment-
3-network-sim_25_6.png used on input line 1727.
(pdftex.def)             Requested size: 479.7913pt x 333.24417pt.

<cs166-assignment-3-network-sim_files/cs166-assignment-3-network-sim_25_7.png, 
id=389, 479.7925pt x 333.245pt>
File: cs166-assignment-3-network-sim_files/cs166-assignment-3-network-sim_25_7.
png Graphic file (type png)

<use cs166-assignment-3-network-sim_files/cs166-assignment-3-network-sim_25_7.p
ng>
Package pdftex.def Info: cs166-assignment-3-network-sim_files/cs166-assignment-
3-network-sim_25_7.png used on input line 1732.
(pdftex.def)             Requested size: 479.7913pt x 333.24417pt.

<cs166-assignment-3-network-sim_files/cs166-assignment-3-network-sim_25_8.png, 
id=390, 474.77374pt x 333.245pt>
File: cs166-assignment-3-network-sim_files/cs166-assignment-3-network-sim_25_8.
png Graphic file (type png)

<use cs166-assignment-3-network-sim_files/cs166-assignment-3-network-sim_25_8.p
ng>
Package pdftex.def Info: cs166-assignment-3-network-sim_files/cs166-assignment-
3-network-sim_25_8.png used on input line 1737.
(pdftex.def)             Requested size: 474.77258pt x 333.24417pt.
 [38 <./cs166-assignment-3-network-sim_files/cs166-assignment-3-network-sim_25_
5.png> <./cs166-assignment-3-network-sim_files/cs166-assignment-3-network-sim_2
5_6.png> <./cs166-assignment-3-network-sim_files/cs166-assignment-3-network-sim
_25_7.png>]
<cs166-assignment-3-network-sim_files/cs166-assignment-3-network-sim_25_9.png, 
id=398, 474.77374pt x 333.245pt>
File: cs166-assignment-3-network-sim_files/cs166-assignment-3-network-sim_25_9.
png Graphic file (type png)

<use cs166-assignment-3-network-sim_files/cs166-assignment-3-network-sim_25_9.p
ng>
Package pdftex.def Info: cs166-assignment-3-network-sim_files/cs166-assignment-
3-network-sim_25_9.png used on input line 1742.
(pdftex.def)             Requested size: 474.77258pt x 333.24417pt.

<cs166-assignment-3-network-sim_files/cs166-assignment-3-network-sim_25_10.png,
 id=399, 474.77374pt x 333.245pt>
File: cs166-assignment-3-network-sim_files/cs166-assignment-3-network-sim_25_10
.png Graphic file (type png)

<use cs166-assignment-3-network-sim_files/cs166-assignment-3-network-sim_25_10.
png>
Package pdftex.def Info: cs166-assignment-3-network-sim_files/cs166-assignment-
3-network-sim_25_10.png used on input line 1747.
(pdftex.def)             Requested size: 474.77258pt x 333.24417pt.
 [39 <./cs166-assignment-3-network-sim_files/cs166-assignment-3-network-sim_25_
8.png> <./cs166-assignment-3-network-sim_files/cs166-assignment-3-network-sim_2
5_9.png> <./cs166-assignment-3-network-sim_files/cs166-assignment-3-network-sim
_25_10.png>]
<cs166-assignment-3-network-sim_files/cs166-assignment-3-network-sim_26_0.png, 
id=407, 474.77374pt x 333.245pt>
File: cs166-assignment-3-network-sim_files/cs166-assignment-3-network-sim_26_0.
png Graphic file (type png)

<use cs166-assignment-3-network-sim_files/cs166-assignment-3-network-sim_26_0.p
ng>
Package pdftex.def Info: cs166-assignment-3-network-sim_files/cs166-assignment-
3-network-sim_26_0.png used on input line 1761.
(pdftex.def)             Requested size: 474.77258pt x 333.24417pt.

<cs166-assignment-3-network-sim_files/cs166-assignment-3-network-sim_26_1.png, 
id=408, 479.7925pt x 333.245pt>
File: cs166-assignment-3-network-sim_files/cs166-assignment-3-network-sim_26_1.
png Graphic file (type png)

<use cs166-assignment-3-network-sim_files/cs166-assignment-3-network-sim_26_1.p
ng>
Package pdftex.def Info: cs166-assignment-3-network-sim_files/cs166-assignment-
3-network-sim_26_1.png used on input line 1766.
(pdftex.def)             Requested size: 479.7913pt x 333.24417pt.

<cs166-assignment-3-network-sim_files/cs166-assignment-3-network-sim_26_2.png, 
id=409, 474.77374pt x 333.245pt>
File: cs166-assignment-3-network-sim_files/cs166-assignment-3-network-sim_26_2.
png Graphic file (type png)

<use cs166-assignment-3-network-sim_files/cs166-assignment-3-network-sim_26_2.p
ng>
Package pdftex.def Info: cs166-assignment-3-network-sim_files/cs166-assignment-
3-network-sim_26_2.png used on input line 1771.
(pdftex.def)             Requested size: 474.77258pt x 333.24417pt.
 [40 <./cs166-assignment-3-network-sim_files/cs166-assignment-3-network-sim_26_
0.png> <./cs166-assignment-3-network-sim_files/cs166-assignment-3-network-sim_2
6_1.png>]
<cs166-assignment-3-network-sim_files/cs166-assignment-3-network-sim_26_3.png, 
id=417, 479.7925pt x 333.245pt>
File: cs166-assignment-3-network-sim_files/cs166-assignment-3-network-sim_26_3.
png Graphic file (type png)

<use cs166-assignment-3-network-sim_files/cs166-assignment-3-network-sim_26_3.p
ng>
Package pdftex.def Info: cs166-assignment-3-network-sim_files/cs166-assignment-
3-network-sim_26_3.png used on input line 1776.
(pdftex.def)             Requested size: 479.7913pt x 333.24417pt.

<cs166-assignment-3-network-sim_files/cs166-assignment-3-network-sim_26_4.png, 
id=418, 474.77374pt x 333.245pt>
File: cs166-assignment-3-network-sim_files/cs166-assignment-3-network-sim_26_4.
png Graphic file (type png)

<use cs166-assignment-3-network-sim_files/cs166-assignment-3-network-sim_26_4.p
ng>
Package pdftex.def Info: cs166-assignment-3-network-sim_files/cs166-assignment-
3-network-sim_26_4.png used on input line 1781.
(pdftex.def)             Requested size: 474.77258pt x 333.24417pt.

<cs166-assignment-3-network-sim_files/cs166-assignment-3-network-sim_26_5.png, 
id=419, 474.77374pt x 333.245pt>
File: cs166-assignment-3-network-sim_files/cs166-assignment-3-network-sim_26_5.
png Graphic file (type png)

<use cs166-assignment-3-network-sim_files/cs166-assignment-3-network-sim_26_5.p
ng>
Package pdftex.def Info: cs166-assignment-3-network-sim_files/cs166-assignment-
3-network-sim_26_5.png used on input line 1786.
(pdftex.def)             Requested size: 474.77258pt x 333.24417pt.
 [41 <./cs166-assignment-3-network-sim_files/cs166-assignment-3-network-sim_26_
2.png> <./cs166-assignment-3-network-sim_files/cs166-assignment-3-network-sim_2
6_3.png> <./cs166-assignment-3-network-sim_files/cs166-assignment-3-network-sim
_26_4.png>]
<cs166-assignment-3-network-sim_files/cs166-assignment-3-network-sim_26_6.png, 
id=427, 474.77374pt x 333.245pt>
File: cs166-assignment-3-network-sim_files/cs166-assignment-3-network-sim_26_6.
png Graphic file (type png)

<use cs166-assignment-3-network-sim_files/cs166-assignment-3-network-sim_26_6.p
ng>
Package pdftex.def Info: cs166-assignment-3-network-sim_files/cs166-assignment-
3-network-sim_26_6.png used on input line 1791.
(pdftex.def)             Requested size: 474.77258pt x 333.24417pt.

<cs166-assignment-3-network-sim_files/cs166-assignment-3-network-sim_26_7.png, 
id=428, 474.77374pt x 333.245pt>
File: cs166-assignment-3-network-sim_files/cs166-assignment-3-network-sim_26_7.
png Graphic file (type png)

<use cs166-assignment-3-network-sim_files/cs166-assignment-3-network-sim_26_7.p
ng>
Package pdftex.def Info: cs166-assignment-3-network-sim_files/cs166-assignment-
3-network-sim_26_7.png used on input line 1796.
(pdftex.def)             Requested size: 474.77258pt x 333.24417pt.

<cs166-assignment-3-network-sim_files/cs166-assignment-3-network-sim_26_8.png, 
id=429, 474.77374pt x 333.245pt>
File: cs166-assignment-3-network-sim_files/cs166-assignment-3-network-sim_26_8.
png Graphic file (type png)

<use cs166-assignment-3-network-sim_files/cs166-assignment-3-network-sim_26_8.p
ng>
Package pdftex.def Info: cs166-assignment-3-network-sim_files/cs166-assignment-
3-network-sim_26_8.png used on input line 1801.
(pdftex.def)             Requested size: 474.77258pt x 333.24417pt.
 [42 <./cs166-assignment-3-network-sim_files/cs166-assignment-3-network-sim_26_
5.png> <./cs166-assignment-3-network-sim_files/cs166-assignment-3-network-sim_2
6_6.png> <./cs166-assignment-3-network-sim_files/cs166-assignment-3-network-sim
_26_7.png>]
<cs166-assignment-3-network-sim_files/cs166-assignment-3-network-sim_26_9.png, 
id=437, 474.77374pt x 333.245pt>
File: cs166-assignment-3-network-sim_files/cs166-assignment-3-network-sim_26_9.
png Graphic file (type png)

<use cs166-assignment-3-network-sim_files/cs166-assignment-3-network-sim_26_9.p
ng>
Package pdftex.def Info: cs166-assignment-3-network-sim_files/cs166-assignment-
3-network-sim_26_9.png used on input line 1805.
(pdftex.def)             Requested size: 474.77258pt x 333.24417pt.

<cs166-assignment-3-network-sim_files/cs166-assignment-3-network-sim_26_10.png,
 id=438, 474.77374pt x 333.245pt>
File: cs166-assignment-3-network-sim_files/cs166-assignment-3-network-sim_26_10
.png Graphic file (type png)

<use cs166-assignment-3-network-sim_files/cs166-assignment-3-network-sim_26_10.
png>
Package pdftex.def Info: cs166-assignment-3-network-sim_files/cs166-assignment-
3-network-sim_26_10.png used on input line 1810.
(pdftex.def)             Requested size: 474.77258pt x 333.24417pt.
 [43 <./cs166-assignment-3-network-sim_files/cs166-assignment-3-network-sim_26_
8.png> <./cs166-assignment-3-network-sim_files/cs166-assignment-3-network-sim_2
6_9.png> <./cs166-assignment-3-network-sim_files/cs166-assignment-3-network-sim
_26_10.png>]
<cs166-assignment-3-network-sim_files/cs166-assignment-3-network-sim_27_0.png, 
id=447, 479.7925pt x 333.245pt>
File: cs166-assignment-3-network-sim_files/cs166-assignment-3-network-sim_27_0.
png Graphic file (type png)

<use cs166-assignment-3-network-sim_files/cs166-assignment-3-network-sim_27_0.p
ng>
Package pdftex.def Info: cs166-assignment-3-network-sim_files/cs166-assignment-
3-network-sim_27_0.png used on input line 1824.
(pdftex.def)             Requested size: 479.7913pt x 333.24417pt.

<cs166-assignment-3-network-sim_files/cs166-assignment-3-network-sim_27_1.png, 
id=448, 474.77374pt x 333.245pt>
File: cs166-assignment-3-network-sim_files/cs166-assignment-3-network-sim_27_1.
png Graphic file (type png)

<use cs166-assignment-3-network-sim_files/cs166-assignment-3-network-sim_27_1.p
ng>
Package pdftex.def Info: cs166-assignment-3-network-sim_files/cs166-assignment-
3-network-sim_27_1.png used on input line 1829.
(pdftex.def)             Requested size: 474.77258pt x 333.24417pt.

<cs166-assignment-3-network-sim_files/cs166-assignment-3-network-sim_27_2.png, 
id=449, 474.77374pt x 333.245pt>
File: cs166-assignment-3-network-sim_files/cs166-assignment-3-network-sim_27_2.
png Graphic file (type png)

<use cs166-assignment-3-network-sim_files/cs166-assignment-3-network-sim_27_2.p
ng>
Package pdftex.def Info: cs166-assignment-3-network-sim_files/cs166-assignment-
3-network-sim_27_2.png used on input line 1834.
(pdftex.def)             Requested size: 474.77258pt x 333.24417pt.
 [44 <./cs166-assignment-3-network-sim_files/cs166-assignment-3-network-sim_27_
0.png> <./cs166-assignment-3-network-sim_files/cs166-assignment-3-network-sim_2
7_1.png>]
<cs166-assignment-3-network-sim_files/cs166-assignment-3-network-sim_27_3.png, 
id=457, 474.77374pt x 333.245pt>
File: cs166-assignment-3-network-sim_files/cs166-assignment-3-network-sim_27_3.
png Graphic file (type png)

<use cs166-assignment-3-network-sim_files/cs166-assignment-3-network-sim_27_3.p
ng>
Package pdftex.def Info: cs166-assignment-3-network-sim_files/cs166-assignment-
3-network-sim_27_3.png used on input line 1839.
(pdftex.def)             Requested size: 474.77258pt x 333.24417pt.

<cs166-assignment-3-network-sim_files/cs166-assignment-3-network-sim_27_4.png, 
id=458, 474.77374pt x 333.245pt>
File: cs166-assignment-3-network-sim_files/cs166-assignment-3-network-sim_27_4.
png Graphic file (type png)

<use cs166-assignment-3-network-sim_files/cs166-assignment-3-network-sim_27_4.p
ng>
Package pdftex.def Info: cs166-assignment-3-network-sim_files/cs166-assignment-
3-network-sim_27_4.png used on input line 1844.
(pdftex.def)             Requested size: 474.77258pt x 333.24417pt.

<cs166-assignment-3-network-sim_files/cs166-assignment-3-network-sim_27_5.png, 
id=459, 474.77374pt x 333.245pt>
File: cs166-assignment-3-network-sim_files/cs166-assignment-3-network-sim_27_5.
png Graphic file (type png)

<use cs166-assignment-3-network-sim_files/cs166-assignment-3-network-sim_27_5.p
ng>
Package pdftex.def Info: cs166-assignment-3-network-sim_files/cs166-assignment-
3-network-sim_27_5.png used on input line 1849.
(pdftex.def)             Requested size: 474.77258pt x 333.24417pt.
 [45 <./cs166-assignment-3-network-sim_files/cs166-assignment-3-network-sim_27_
2.png> <./cs166-assignment-3-network-sim_files/cs166-assignment-3-network-sim_2
7_3.png> <./cs166-assignment-3-network-sim_files/cs166-assignment-3-network-sim
_27_4.png>]
<cs166-assignment-3-network-sim_files/cs166-assignment-3-network-sim_27_6.png, 
id=467, 474.77374pt x 333.245pt>
File: cs166-assignment-3-network-sim_files/cs166-assignment-3-network-sim_27_6.
png Graphic file (type png)

<use cs166-assignment-3-network-sim_files/cs166-assignment-3-network-sim_27_6.p
ng>
Package pdftex.def Info: cs166-assignment-3-network-sim_files/cs166-assignment-
3-network-sim_27_6.png used on input line 1854.
(pdftex.def)             Requested size: 474.77258pt x 333.24417pt.

<cs166-assignment-3-network-sim_files/cs166-assignment-3-network-sim_27_7.png, 
id=468, 474.77374pt x 333.245pt>
File: cs166-assignment-3-network-sim_files/cs166-assignment-3-network-sim_27_7.
png Graphic file (type png)

<use cs166-assignment-3-network-sim_files/cs166-assignment-3-network-sim_27_7.p
ng>
Package pdftex.def Info: cs166-assignment-3-network-sim_files/cs166-assignment-
3-network-sim_27_7.png used on input line 1859.
(pdftex.def)             Requested size: 474.77258pt x 333.24417pt.

<cs166-assignment-3-network-sim_files/cs166-assignment-3-network-sim_27_8.png, 
id=469, 474.77374pt x 333.245pt>
File: cs166-assignment-3-network-sim_files/cs166-assignment-3-network-sim_27_8.
png Graphic file (type png)

<use cs166-assignment-3-network-sim_files/cs166-assignment-3-network-sim_27_8.p
ng>
Package pdftex.def Info: cs166-assignment-3-network-sim_files/cs166-assignment-
3-network-sim_27_8.png used on input line 1864.
(pdftex.def)             Requested size: 474.77258pt x 333.24417pt.
 [46 <./cs166-assignment-3-network-sim_files/cs166-assignment-3-network-sim_27_
5.png> <./cs166-assignment-3-network-sim_files/cs166-assignment-3-network-sim_2
7_6.png> <./cs166-assignment-3-network-sim_files/cs166-assignment-3-network-sim
_27_7.png>]
<cs166-assignment-3-network-sim_files/cs166-assignment-3-network-sim_27_9.png, 
id=477, 474.77374pt x 333.245pt>
File: cs166-assignment-3-network-sim_files/cs166-assignment-3-network-sim_27_9.
png Graphic file (type png)

<use cs166-assignment-3-network-sim_files/cs166-assignment-3-network-sim_27_9.p
ng>
Package pdftex.def Info: cs166-assignment-3-network-sim_files/cs166-assignment-
3-network-sim_27_9.png used on input line 1869.
(pdftex.def)             Requested size: 474.77258pt x 333.24417pt.

<cs166-assignment-3-network-sim_files/cs166-assignment-3-network-sim_27_10.png,
 id=478, 482.80376pt x 333.245pt>
File: cs166-assignment-3-network-sim_files/cs166-assignment-3-network-sim_27_10
.png Graphic file (type png)

<use cs166-assignment-3-network-sim_files/cs166-assignment-3-network-sim_27_10.
png>
Package pdftex.def Info: cs166-assignment-3-network-sim_files/cs166-assignment-
3-network-sim_27_10.png used on input line 1874.
(pdftex.def)             Requested size: 482.80258pt x 333.24417pt.
 [47 <./cs166-assignment-3-network-sim_files/cs166-assignment-3-network-sim_27_
8.png> <./cs166-assignment-3-network-sim_files/cs166-assignment-3-network-sim_2
7_9.png> <./cs166-assignment-3-network-sim_files/cs166-assignment-3-network-sim
_27_10.png>]
<cs166-assignment-3-network-sim_files/cs166-assignment-3-network-sim_28_0.png, 
id=486, 479.7925pt x 333.245pt>
File: cs166-assignment-3-network-sim_files/cs166-assignment-3-network-sim_28_0.
png Graphic file (type png)

<use cs166-assignment-3-network-sim_files/cs166-assignment-3-network-sim_28_0.p
ng>
Package pdftex.def Info: cs166-assignment-3-network-sim_files/cs166-assignment-
3-network-sim_28_0.png used on input line 1886.
(pdftex.def)             Requested size: 479.7913pt x 333.24417pt.

<cs166-assignment-3-network-sim_files/cs166-assignment-3-network-sim_28_1.png, 
id=487, 479.7925pt x 333.245pt>
File: cs166-assignment-3-network-sim_files/cs166-assignment-3-network-sim_28_1.
png Graphic file (type png)

<use cs166-assignment-3-network-sim_files/cs166-assignment-3-network-sim_28_1.p
ng>
Package pdftex.def Info: cs166-assignment-3-network-sim_files/cs166-assignment-
3-network-sim_28_1.png used on input line 1891.
(pdftex.def)             Requested size: 479.7913pt x 333.24417pt.

<cs166-assignment-3-network-sim_files/cs166-assignment-3-network-sim_28_2.png, 
id=488, 479.7925pt x 333.245pt>
File: cs166-assignment-3-network-sim_files/cs166-assignment-3-network-sim_28_2.
png Graphic file (type png)

<use cs166-assignment-3-network-sim_files/cs166-assignment-3-network-sim_28_2.p
ng>
Package pdftex.def Info: cs166-assignment-3-network-sim_files/cs166-assignment-
3-network-sim_28_2.png used on input line 1896.
(pdftex.def)             Requested size: 479.7913pt x 333.24417pt.
 [48 <./cs166-assignment-3-network-sim_files/cs166-assignment-3-network-sim_28_
0.png> <./cs166-assignment-3-network-sim_files/cs166-assignment-3-network-sim_2
8_1.png>]
<cs166-assignment-3-network-sim_files/cs166-assignment-3-network-sim_28_3.png, 
id=496, 474.77374pt x 333.245pt>
File: cs166-assignment-3-network-sim_files/cs166-assignment-3-network-sim_28_3.
png Graphic file (type png)

<use cs166-assignment-3-network-sim_files/cs166-assignment-3-network-sim_28_3.p
ng>
Package pdftex.def Info: cs166-assignment-3-network-sim_files/cs166-assignment-
3-network-sim_28_3.png used on input line 1901.
(pdftex.def)             Requested size: 474.77258pt x 333.24417pt.

<cs166-assignment-3-network-sim_files/cs166-assignment-3-network-sim_28_4.png, 
id=497, 484.81125pt x 333.245pt>
File: cs166-assignment-3-network-sim_files/cs166-assignment-3-network-sim_28_4.
png Graphic file (type png)

<use cs166-assignment-3-network-sim_files/cs166-assignment-3-network-sim_28_4.p
ng>
Package pdftex.def Info: cs166-assignment-3-network-sim_files/cs166-assignment-
3-network-sim_28_4.png used on input line 1906.
(pdftex.def)             Requested size: 484.81006pt x 333.24417pt.

<cs166-assignment-3-network-sim_files/cs166-assignment-3-network-sim_28_5.png, 
id=498, 483.8075pt x 333.245pt>
File: cs166-assignment-3-network-sim_files/cs166-assignment-3-network-sim_28_5.
png Graphic file (type png)

<use cs166-assignment-3-network-sim_files/cs166-assignment-3-network-sim_28_5.p
ng>
Package pdftex.def Info: cs166-assignment-3-network-sim_files/cs166-assignment-
3-network-sim_28_5.png used on input line 1911.
(pdftex.def)             Requested size: 483.80632pt x 333.24417pt.
 [49 <./cs166-assignment-3-network-sim_files/cs166-assignment-3-network-sim_28_
2.png> <./cs166-assignment-3-network-sim_files/cs166-assignment-3-network-sim_2
8_3.png> <./cs166-assignment-3-network-sim_files/cs166-assignment-3-network-sim
_28_4.png>]
<cs166-assignment-3-network-sim_files/cs166-assignment-3-network-sim_28_6.png, 
id=507, 480.79625pt x 333.245pt>
File: cs166-assignment-3-network-sim_files/cs166-assignment-3-network-sim_28_6.
png Graphic file (type png)

<use cs166-assignment-3-network-sim_files/cs166-assignment-3-network-sim_28_6.p
ng>
Package pdftex.def Info: cs166-assignment-3-network-sim_files/cs166-assignment-
3-network-sim_28_6.png used on input line 1916.
(pdftex.def)             Requested size: 480.79506pt x 333.24417pt.

<cs166-assignment-3-network-sim_files/cs166-assignment-3-network-sim_28_7.png, 
id=508, 479.7925pt x 333.245pt>
File: cs166-assignment-3-network-sim_files/cs166-assignment-3-network-sim_28_7.
png Graphic file (type png)

<use cs166-assignment-3-network-sim_files/cs166-assignment-3-network-sim_28_7.p
ng>
Package pdftex.def Info: cs166-assignment-3-network-sim_files/cs166-assignment-
3-network-sim_28_7.png used on input line 1921.
(pdftex.def)             Requested size: 479.7913pt x 333.24417pt.

<cs166-assignment-3-network-sim_files/cs166-assignment-3-network-sim_28_8.png, 
id=509, 479.7925pt x 333.245pt>
File: cs166-assignment-3-network-sim_files/cs166-assignment-3-network-sim_28_8.
png Graphic file (type png)

<use cs166-assignment-3-network-sim_files/cs166-assignment-3-network-sim_28_8.p
ng>
Package pdftex.def Info: cs166-assignment-3-network-sim_files/cs166-assignment-
3-network-sim_28_8.png used on input line 1926.
(pdftex.def)             Requested size: 479.7913pt x 333.24417pt.
 [50 <./cs166-assignment-3-network-sim_files/cs166-assignment-3-network-sim_28_
5.png> <./cs166-assignment-3-network-sim_files/cs166-assignment-3-network-sim_2
8_6.png> <./cs166-assignment-3-network-sim_files/cs166-assignment-3-network-sim
_28_7.png>]
<cs166-assignment-3-network-sim_files/cs166-assignment-3-network-sim_28_9.png, 
id=517, 483.8075pt x 333.245pt>
File: cs166-assignment-3-network-sim_files/cs166-assignment-3-network-sim_28_9.
png Graphic file (type png)

<use cs166-assignment-3-network-sim_files/cs166-assignment-3-network-sim_28_9.p
ng>
Package pdftex.def Info: cs166-assignment-3-network-sim_files/cs166-assignment-
3-network-sim_28_9.png used on input line 1931.
(pdftex.def)             Requested size: 483.80632pt x 333.24417pt.

<cs166-assignment-3-network-sim_files/cs166-assignment-3-network-sim_28_10.png,
 id=518, 485.815pt x 333.245pt>
File: cs166-assignment-3-network-sim_files/cs166-assignment-3-network-sim_28_10
.png Graphic file (type png)

<use cs166-assignment-3-network-sim_files/cs166-assignment-3-network-sim_28_10.
png>
Package pdftex.def Info: cs166-assignment-3-network-sim_files/cs166-assignment-
3-network-sim_28_10.png used on input line 1936.
(pdftex.def)             Requested size: 485.81381pt x 333.24417pt.
 [51 <./cs166-assignment-3-network-sim_files/cs166-assignment-3-network-sim_28_
8.png> <./cs166-assignment-3-network-sim_files/cs166-assignment-3-network-sim_2
8_9.png> <./cs166-assignment-3-network-sim_files/cs166-assignment-3-network-sim
_28_10.png>]
Underfull \hbox (badness 10000) in paragraph at lines 1959--1963

 []


Underfull \hbox (badness 10000) in paragraph at lines 1982--1991

 []

[52]
Underfull \hbox (badness 10000) in paragraph at lines 2006--2015

 []


Underfull \hbox (badness 10000) in paragraph at lines 2026--2033

 []

[53]
Underfull \hbox (badness 10000) in paragraph at lines 2087--2089
[][]$\T1/cmtt/m/n/10.95 https : / / github . com / hueyning / cs166-[]repo / bl
ob / master / cs166-[]assignment-[]3-[]network-[]sim /
 []

Package atveryend Info: Empty hook `BeforeClearDocument' on input line 2095.
[54]
Package atveryend Info: Empty hook `AfterLastShipout' on input line 2095.
 (./cs166-assignment-3-network-sim.aux)
Package atveryend Info: Executing hook `AtVeryEndDocument' on input line 2095.
Package atveryend Info: Executing hook `AtEndAfterFileList' on input line 2095.



Package rerunfilecheck Warning: File `cs166-assignment-3-network-sim.out' has c
hanged.
(rerunfilecheck)                Rerun to get outlines right
(rerunfilecheck)                or use package `bookmark'.

Package rerunfilecheck Info: Checksums for `cs166-assignment-3-network-sim.out'
:
(rerunfilecheck)             Before: 708A2072753EE7F92FF56BBE867FB1C7;1963
(rerunfilecheck)             After:  0ADF299DFC3742324F717246BE3CFF86;2007.
Package atveryend Info: Empty hook `AtVeryVeryEnd' on input line 2095.
 ) 
Here is how much of TeX's memory you used:
 11561 strings out of 492995
 195709 string characters out of 6132704
 278516 words of memory out of 5000000
 14762 multiletter control sequences out of 15000+600000
 43911 words of font info for 105 fonts, out of 8000000 for 9000
 1141 hyphenation exceptions out of 8191
 44i,8n,42p,927b,485s stack positions out of 5000i,500n,10000p,200000b,80000s
{/usr/local/texlive/2017/texmf-dist/fonts/enc/dvips/cm-super/cm-super-t1.enc}
{/usr/local/texlive/2017/texmf-dist/fonts/enc/dvips/cm-super/cm-super-ts1.enc}{
/usr/local/texlive/2017/texmf-dist/fonts/enc/dvips/base/8r.enc}</usr/local/texl
ive/2017/texmf-dist/fonts/type1/public/amsfonts/cm/cmmi10.pfb></usr/local/texli
ve/2017/texmf-dist/fonts/type1/public/amsfonts/cm/cmr10.pfb></usr/local/texlive
/2017/texmf-dist/fonts/type1/public/amsfonts/cm/cmsy10.pfb></usr/local/texlive/
2017/texmf-dist/fonts/type1/public/mathpazo/fplmr.pfb></usr/local/texlive/2017/
texmf-dist/fonts/type1/public/mathpazo/fplmri.pfb></usr/local/texlive/2017/texm
f-dist/fonts/type1/public/cm-super/sfit0800.pfb></usr/local/texlive/2017/texmf-
dist/fonts/type1/public/cm-super/sftt0800.pfb></usr/local/texlive/2017/texmf-di
st/fonts/type1/public/cm-super/sftt1095.pfb></usr/local/texlive/2017/texmf-dist
/fonts/type1/urw/palatino/uplb8a.pfb></usr/local/texlive/2017/texmf-dist/fonts/
type1/urw/palatino/uplr8a.pfb></usr/local/texlive/2017/texmf-dist/fonts/type1/u
rw/palatino/uplri8a.pfb>
Output written on cs166-assignment-3-network-sim.pdf (54 pages, 8536209 bytes).

PDF statistics:
 622 PDF objects out of 1000 (max. 8388607)
 385 compressed objects within 4 object streams
 117 named destinations out of 1000 (max. 500000)
 616 words of extra memory for PDF output out of 10000 (max. 10000000)

